This is pdfTeX, Version 3.141592653-2.6-1.40.22 (MiKTeX 21.3) (preloaded format=pdflatex 2021.5.21)  22 JUN 2022 11:58
entering extended mode
**./AlgPntSlides.tex
(AlgPntSlides.tex
LaTeX2e <2020-10-01> patch level 4
L3 programming layer <2021-05-11>
(/Users/wtroiani/Library/Application Support/MiKTeX/texmfs/install/tex/latex/be
amer/beamer.cls
Document Class: beamer 2022/02/08 v3.66 A class for typesetting presentations

(/Users/wtroiani/Library/Application Support/MiKTeX/texmfs/install/tex/latex/be
amer/beamerbasemodes.sty
(/Library/Application Support/MiKTeX/texmfs/install/tex/latex/etoolbox/etoolbox
.sty
Package: etoolbox 2020/10/05 v2.5k e-TeX tools for LaTeX (JAW)
\etb@tempcnta=\count179
)
\beamer@tempbox=\box47
\beamer@tempcount=\count180
\c@beamerpauses=\count181

(/Users/wtroiani/Library/Application Support/MiKTeX/texmfs/install/tex/latex/be
amer/beamerbasedecode.sty
\beamer@slideinframe=\count182
\beamer@minimum=\count183
\beamer@decode@box=\box48
)
\beamer@commentbox=\box49
\beamer@modecount=\count184
)
(/Library/Application Support/MiKTeX/texmfs/install/tex/generic/iftex/iftex.sty
Package: iftex 2020/03/06 v1.0d TeX engine tests
)
\headdp=\dimen138
\footheight=\dimen139
\sidebarheight=\dimen140
\beamer@tempdim=\dimen141
\beamer@finalheight=\dimen142
\beamer@animht=\dimen143
\beamer@animdp=\dimen144
\beamer@animwd=\dimen145
\beamer@leftmargin=\dimen146
\beamer@rightmargin=\dimen147
\beamer@leftsidebar=\dimen148
\beamer@rightsidebar=\dimen149
\beamer@boxsize=\dimen150
\beamer@vboxoffset=\dimen151
\beamer@descdefault=\dimen152
\beamer@descriptionwidth=\dimen153
\beamer@lastskip=\skip47
\beamer@areabox=\box50
\beamer@animcurrent=\box51
\beamer@animshowbox=\box52
\beamer@sectionbox=\box53
\beamer@logobox=\box54
\beamer@linebox=\box55
\beamer@sectioncount=\count185
\beamer@subsubsectionmax=\count186
\beamer@subsectionmax=\count187
\beamer@sectionmax=\count188
\beamer@totalheads=\count189
\beamer@headcounter=\count190
\beamer@partstartpage=\count191
\beamer@sectionstartpage=\count192
\beamer@subsectionstartpage=\count193
\beamer@animationtempa=\count194
\beamer@animationtempb=\count195
\beamer@xpos=\count196
\beamer@ypos=\count197
\beamer@ypos@offset=\count198
\beamer@showpartnumber=\count199
\beamer@currentsubsection=\count266
\beamer@coveringdepth=\count267
\beamer@sectionadjust=\count268
\beamer@toclastsection=\count269
\beamer@tocsectionnumber=\count270

(/Users/wtroiani/Library/Application Support/MiKTeX/texmfs/install/tex/latex/be
amer/beamerbaseoptions.sty
(/Library/Application Support/MiKTeX/texmfs/install/tex/latex/graphics/keyval.s
ty
Package: keyval 2014/10/28 v1.15 key=value parser (DPC)
\KV@toks@=\toks15
))
\beamer@paperwidth=\skip48
\beamer@paperheight=\skip49

(/Users/wtroiani/Library/Application Support/MiKTeX/texmfs/install/tex/latex/ge
ometry/geometry.sty
Package: geometry 2020/01/02 v5.9 Page Geometry

(/Library/Application Support/MiKTeX/texmfs/install/tex/generic/iftex/ifvtex.st
y
Package: ifvtex 2019/10/25 v1.7 ifvtex legacy package. Use iftex instead.
)
\Gm@cnth=\count271
\Gm@cntv=\count272
\c@Gm@tempcnt=\count273
\Gm@bindingoffset=\dimen154
\Gm@wd@mp=\dimen155
\Gm@odd@mp=\dimen156
\Gm@even@mp=\dimen157
\Gm@layoutwidth=\dimen158
\Gm@layoutheight=\dimen159
\Gm@layouthoffset=\dimen160
\Gm@layoutvoffset=\dimen161
\Gm@dimlist=\toks16

(/Users/wtroiani/Library/Application Support/MiKTeX/texmfs/install/tex/latex/ge
ometry/geometry.cfg))
(/Library/Application Support/MiKTeX/texmfs/install/tex/latex/pgf/math/pgfmath.
sty
(/Library/Application Support/MiKTeX/texmfs/install/tex/latex/pgf/utilities/pgf
rcs.sty
(/Library/Application Support/MiKTeX/texmfs/install/tex/generic/pgf/utilities/p
gfutil-common.tex
\pgfutil@everybye=\toks17
\pgfutil@tempdima=\dimen162
\pgfutil@tempdimb=\dimen163

(/Library/Application Support/MiKTeX/texmfs/install/tex/generic/pgf/utilities/p
gfutil-common-lists.tex))
(/Library/Application Support/MiKTeX/texmfs/install/tex/generic/pgf/utilities/p
gfutil-latex.def
\pgfutil@abb=\box56
)
(/Library/Application Support/MiKTeX/texmfs/install/tex/generic/pgf/utilities/p
gfrcs.code.tex
(/Library/Application Support/MiKTeX/texmfs/install/tex/generic/pgf/pgf.revisio
n.tex)
Package: pgfrcs 2021/05/15 v3.1.9a (3.1.9a)
))
(/Library/Application Support/MiKTeX/texmfs/install/tex/latex/pgf/utilities/pgf
keys.sty
(/Library/Application Support/MiKTeX/texmfs/install/tex/generic/pgf/utilities/p
gfkeys.code.tex
\pgfkeys@pathtoks=\toks18
\pgfkeys@temptoks=\toks19

(/Library/Application Support/MiKTeX/texmfs/install/tex/generic/pgf/utilities/p
gfkeysfiltered.code.tex
\pgfkeys@tmptoks=\toks20
)))
(/Library/Application Support/MiKTeX/texmfs/install/tex/generic/pgf/math/pgfmat
h.code.tex
(/Library/Application Support/MiKTeX/texmfs/install/tex/generic/pgf/math/pgfmat
hcalc.code.tex
(/Library/Application Support/MiKTeX/texmfs/install/tex/generic/pgf/math/pgfmat
hutil.code.tex
\pgf@x=\dimen164
\pgf@xa=\dimen165
\pgf@xb=\dimen166
\pgf@xc=\dimen167
\pgf@y=\dimen168
\pgf@ya=\dimen169
\pgf@yb=\dimen170
\pgf@yc=\dimen171
\c@pgf@counta=\count274
\c@pgf@countb=\count275
\c@pgf@countc=\count276
\c@pgf@countd=\count277
)
(/Library/Application Support/MiKTeX/texmfs/install/tex/generic/pgf/math/pgfmat
hparser.code.tex
\pgfmath@dimen=\dimen172
\pgfmath@count=\count278
\pgfmath@box=\box57
\pgfmath@toks=\toks21
\pgfmath@stack@operand=\toks22
\pgfmath@stack@operation=\toks23
)
(/Library/Application Support/MiKTeX/texmfs/install/tex/generic/pgf/math/pgfmat
hfunctions.code.tex
(/Library/Application Support/MiKTeX/texmfs/install/tex/generic/pgf/math/pgfmat
hfunctions.basic.code.tex)
(/Library/Application Support/MiKTeX/texmfs/install/tex/generic/pgf/math/pgfmat
hfunctions.trigonometric.code.tex)
(/Library/Application Support/MiKTeX/texmfs/install/tex/generic/pgf/math/pgfmat
hfunctions.random.code.tex)
(/Library/Application Support/MiKTeX/texmfs/install/tex/generic/pgf/math/pgfmat
hfunctions.comparison.code.tex)
(/Library/Application Support/MiKTeX/texmfs/install/tex/generic/pgf/math/pgfmat
hfunctions.base.code.tex)
(/Library/Application Support/MiKTeX/texmfs/install/tex/generic/pgf/math/pgfmat
hfunctions.round.code.tex)
(/Library/Application Support/MiKTeX/texmfs/install/tex/generic/pgf/math/pgfmat
hfunctions.misc.code.tex)
(/Library/Application Support/MiKTeX/texmfs/install/tex/generic/pgf/math/pgfmat
hfunctions.integerarithmetics.code.tex)))
(/Library/Application Support/MiKTeX/texmfs/install/tex/generic/pgf/math/pgfmat
hfloat.code.tex
\c@pgfmathroundto@lastzeros=\count279
)))
(/Library/Application Support/MiKTeX/texmfs/install/tex/latex/base/size11.clo
File: size11.clo 2020/04/10 v1.4m Standard LaTeX file (size option)
)
(/Library/Application Support/MiKTeX/texmfs/install/tex/latex/pgf/basiclayer/pg
fcore.sty
(/Library/Application Support/MiKTeX/texmfs/install/tex/latex/graphics/graphicx
.sty
Package: graphicx 2020/09/09 v1.2b Enhanced LaTeX Graphics (DPC,SPQR)

(/Library/Application Support/MiKTeX/texmfs/install/tex/latex/graphics/graphics
.sty
Package: graphics 2020/08/30 v1.4c Standard LaTeX Graphics (DPC,SPQR)

(/Library/Application Support/MiKTeX/texmfs/install/tex/latex/graphics/trig.sty
Package: trig 2016/01/03 v1.10 sin cos tan (DPC)
)
(/Library/Application Support/MiKTeX/texmfs/install/tex/latex/graphics-cfg/grap
hics.cfg
File: graphics.cfg 2016/06/04 v1.11 sample graphics configuration
)
Package graphics Info: Driver file: pdftex.def on input line 105.

(/Library/Application Support/MiKTeX/texmfs/install/tex/latex/graphics-def/pdft
ex.def
File: pdftex.def 2020/10/05 v1.2a Graphics/color driver for pdftex
))
\Gin@req@height=\dimen173
\Gin@req@width=\dimen174
)
(/Library/Application Support/MiKTeX/texmfs/install/tex/latex/pgf/systemlayer/p
gfsys.sty
(/Library/Application Support/MiKTeX/texmfs/install/tex/generic/pgf/systemlayer
/pgfsys.code.tex
Package: pgfsys 2021/05/15 v3.1.9a (3.1.9a)

(/Library/Application Support/MiKTeX/texmfs/install/tex/generic/pgf/utilities/p
gfkeys.code.tex)
\pgf@x=\dimen175
\pgf@y=\dimen176
\pgf@xa=\dimen177
\pgf@ya=\dimen178
\pgf@xb=\dimen179
\pgf@yb=\dimen180
\pgf@xc=\dimen181
\pgf@yc=\dimen182
\pgf@xd=\dimen183
\pgf@yd=\dimen184
\w@pgf@writea=\write3
\r@pgf@reada=\read2
\c@pgf@counta=\count280
\c@pgf@countb=\count281
\c@pgf@countc=\count282
\c@pgf@countd=\count283
\t@pgf@toka=\toks24
\t@pgf@tokb=\toks25
\t@pgf@tokc=\toks26
\pgf@sys@id@count=\count284

(/Library/Application Support/MiKTeX/texmfs/install/tex/generic/pgf/systemlayer
/pgf.cfg
File: pgf.cfg 2021/05/15 v3.1.9a (3.1.9a)
)
Driver file for pgf: pgfsys-pdftex.def

(/Library/Application Support/MiKTeX/texmfs/install/tex/generic/pgf/systemlayer
/pgfsys-pdftex.def
File: pgfsys-pdftex.def 2021/05/15 v3.1.9a (3.1.9a)

(/Library/Application Support/MiKTeX/texmfs/install/tex/generic/pgf/systemlayer
/pgfsys-common-pdf.def
File: pgfsys-common-pdf.def 2021/05/15 v3.1.9a (3.1.9a)
)))
(/Library/Application Support/MiKTeX/texmfs/install/tex/generic/pgf/systemlayer
/pgfsyssoftpath.code.tex
File: pgfsyssoftpath.code.tex 2021/05/15 v3.1.9a (3.1.9a)
\pgfsyssoftpath@smallbuffer@items=\count285
\pgfsyssoftpath@bigbuffer@items=\count286
)
(/Library/Application Support/MiKTeX/texmfs/install/tex/generic/pgf/systemlayer
/pgfsysprotocol.code.tex
File: pgfsysprotocol.code.tex 2021/05/15 v3.1.9a (3.1.9a)
))
(/Library/Application Support/MiKTeX/texmfs/install/tex/latex/xcolor/xcolor.sty
Package: xcolor 2016/05/11 v2.12 LaTeX color extensions (UK)

(/Library/Application Support/MiKTeX/texmfs/install/tex/latex/graphics-cfg/colo
r.cfg
File: color.cfg 2016/01/02 v1.6 sample color configuration
)
Package xcolor Info: Driver file: pdftex.def on input line 225.
Package xcolor Info: Model `cmy' substituted by `cmy0' on input line 1348.
Package xcolor Info: Model `hsb' substituted by `rgb' on input line 1352.
Package xcolor Info: Model `RGB' extended on input line 1364.
Package xcolor Info: Model `HTML' substituted by `rgb' on input line 1366.
Package xcolor Info: Model `Hsb' substituted by `hsb' on input line 1367.
Package xcolor Info: Model `tHsb' substituted by `hsb' on input line 1368.
Package xcolor Info: Model `HSB' substituted by `hsb' on input line 1369.
Package xcolor Info: Model `Gray' substituted by `gray' on input line 1370.
Package xcolor Info: Model `wave' substituted by `hsb' on input line 1371.
)
(/Library/Application Support/MiKTeX/texmfs/install/tex/generic/pgf/basiclayer/
pgfcore.code.tex
Package: pgfcore 2021/05/15 v3.1.9a (3.1.9a)

(/Library/Application Support/MiKTeX/texmfs/install/tex/generic/pgf/math/pgfmat
h.code.tex)
(/Library/Application Support/MiKTeX/texmfs/install/tex/generic/pgf/math/pgfint
.code.tex)
(/Library/Application Support/MiKTeX/texmfs/install/tex/generic/pgf/basiclayer/
pgfcorepoints.code.tex
File: pgfcorepoints.code.tex 2021/05/15 v3.1.9a (3.1.9a)
\pgf@picminx=\dimen185
\pgf@picmaxx=\dimen186
\pgf@picminy=\dimen187
\pgf@picmaxy=\dimen188
\pgf@pathminx=\dimen189
\pgf@pathmaxx=\dimen190
\pgf@pathminy=\dimen191
\pgf@pathmaxy=\dimen192
\pgf@xx=\dimen193
\pgf@xy=\dimen194
\pgf@yx=\dimen195
\pgf@yy=\dimen196
\pgf@zx=\dimen197
\pgf@zy=\dimen198
)
(/Library/Application Support/MiKTeX/texmfs/install/tex/generic/pgf/basiclayer/
pgfcorepathconstruct.code.tex
File: pgfcorepathconstruct.code.tex 2021/05/15 v3.1.9a (3.1.9a)
\pgf@path@lastx=\dimen199
\pgf@path@lasty=\dimen256
)
(/Library/Application Support/MiKTeX/texmfs/install/tex/generic/pgf/basiclayer/
pgfcorepathusage.code.tex
File: pgfcorepathusage.code.tex 2021/05/15 v3.1.9a (3.1.9a)
\pgf@shorten@end@additional=\dimen257
\pgf@shorten@start@additional=\dimen258
)
(/Library/Application Support/MiKTeX/texmfs/install/tex/generic/pgf/basiclayer/
pgfcorescopes.code.tex
File: pgfcorescopes.code.tex 2021/05/15 v3.1.9a (3.1.9a)
\pgfpic=\box58
\pgf@hbox=\box59
\pgf@layerbox@main=\box60
\pgf@picture@serial@count=\count287
)
(/Library/Application Support/MiKTeX/texmfs/install/tex/generic/pgf/basiclayer/
pgfcoregraphicstate.code.tex
File: pgfcoregraphicstate.code.tex 2021/05/15 v3.1.9a (3.1.9a)
\pgflinewidth=\dimen259
)
(/Library/Application Support/MiKTeX/texmfs/install/tex/generic/pgf/basiclayer/
pgfcoretransformations.code.tex
File: pgfcoretransformations.code.tex 2021/05/15 v3.1.9a (3.1.9a)
\pgf@pt@x=\dimen260
\pgf@pt@y=\dimen261
\pgf@pt@temp=\dimen262
)
(/Library/Application Support/MiKTeX/texmfs/install/tex/generic/pgf/basiclayer/
pgfcorequick.code.tex
File: pgfcorequick.code.tex 2021/05/15 v3.1.9a (3.1.9a)
)
(/Library/Application Support/MiKTeX/texmfs/install/tex/generic/pgf/basiclayer/
pgfcoreobjects.code.tex
File: pgfcoreobjects.code.tex 2021/05/15 v3.1.9a (3.1.9a)
)
(/Library/Application Support/MiKTeX/texmfs/install/tex/generic/pgf/basiclayer/
pgfcorepathprocessing.code.tex
File: pgfcorepathprocessing.code.tex 2021/05/15 v3.1.9a (3.1.9a)
)
(/Library/Application Support/MiKTeX/texmfs/install/tex/generic/pgf/basiclayer/
pgfcorearrows.code.tex
File: pgfcorearrows.code.tex 2021/05/15 v3.1.9a (3.1.9a)
\pgfarrowsep=\dimen263
)
(/Library/Application Support/MiKTeX/texmfs/install/tex/generic/pgf/basiclayer/
pgfcoreshade.code.tex
File: pgfcoreshade.code.tex 2021/05/15 v3.1.9a (3.1.9a)
\pgf@max=\dimen264
\pgf@sys@shading@range@num=\count288
\pgf@shadingcount=\count289
)
(/Library/Application Support/MiKTeX/texmfs/install/tex/generic/pgf/basiclayer/
pgfcoreimage.code.tex
File: pgfcoreimage.code.tex 2021/05/15 v3.1.9a (3.1.9a)

(/Library/Application Support/MiKTeX/texmfs/install/tex/generic/pgf/basiclayer/
pgfcoreexternal.code.tex
File: pgfcoreexternal.code.tex 2021/05/15 v3.1.9a (3.1.9a)
\pgfexternal@startupbox=\box61
))
(/Library/Application Support/MiKTeX/texmfs/install/tex/generic/pgf/basiclayer/
pgfcorelayers.code.tex
File: pgfcorelayers.code.tex 2021/05/15 v3.1.9a (3.1.9a)
)
(/Library/Application Support/MiKTeX/texmfs/install/tex/generic/pgf/basiclayer/
pgfcoretransparency.code.tex
File: pgfcoretransparency.code.tex 2021/05/15 v3.1.9a (3.1.9a)
)
(/Library/Application Support/MiKTeX/texmfs/install/tex/generic/pgf/basiclayer/
pgfcorepatterns.code.tex
File: pgfcorepatterns.code.tex 2021/05/15 v3.1.9a (3.1.9a)
)
(/Library/Application Support/MiKTeX/texmfs/install/tex/generic/pgf/basiclayer/
pgfcorerdf.code.tex
File: pgfcorerdf.code.tex 2021/05/15 v3.1.9a (3.1.9a)
)))
(/Library/Application Support/MiKTeX/texmfs/install/tex/latex/pgf/utilities/xxc
olor.sty
Package: xxcolor 2003/10/24 ver 0.1
\XC@nummixins=\count290
\XC@countmixins=\count291
)
(/Library/Application Support/MiKTeX/texmfs/install/tex/latex/base/atbegshi-ltx
.sty
Package: atbegshi-ltx 2020/08/17 v1.0a Emulation of the original atbegshi packa
ge
with kernel methods
)
(/Library/Application Support/MiKTeX/texmfs/install/tex/latex/hyperref/hyperref
.sty
Package: hyperref 2021-02-27 v7.00k Hypertext links for LaTeX

(/Users/wtroiani/Library/Application Support/MiKTeX/texmfs/install/tex/generic/
ltxcmds/ltxcmds.sty
Package: ltxcmds 2020-05-10 v1.25 LaTeX kernel commands for general use (HO)
)
(/Library/Application Support/MiKTeX/texmfs/install/tex/generic/pdftexcmds/pdft
excmds.sty
Package: pdftexcmds 2020-06-27 v0.33 Utility functions of pdfTeX for LuaTeX (HO
)

(/Users/wtroiani/Library/Application Support/MiKTeX/texmfs/install/tex/generic/
infwarerr/infwarerr.sty
Package: infwarerr 2019/12/03 v1.5 Providing info/warning/error messages (HO)
)
Package pdftexcmds Info: \pdf@primitive is available.
Package pdftexcmds Info: \pdf@ifprimitive is available.
Package pdftexcmds Info: \pdfdraftmode found.
)
(/Users/wtroiani/Library/Application Support/MiKTeX/texmfs/install/tex/generic/
kvsetkeys/kvsetkeys.sty
Package: kvsetkeys 2019/12/15 v1.18 Key value parser (HO)
)
(/Users/wtroiani/Library/Application Support/MiKTeX/texmfs/install/tex/generic/
kvdefinekeys/kvdefinekeys.sty
Package: kvdefinekeys 2019-12-19 v1.6 Define keys (HO)
)
(/Users/wtroiani/Library/Application Support/MiKTeX/texmfs/install/tex/generic/
pdfescape/pdfescape.sty
Package: pdfescape 2019/12/09 v1.15 Implements pdfTeX's escape features (HO)
)
(/Users/wtroiani/Library/Application Support/MiKTeX/texmfs/install/tex/latex/hy
color/hycolor.sty
Package: hycolor 2020-01-27 v1.10 Color options for hyperref/bookmark (HO)
)
(/Users/wtroiani/Library/Application Support/MiKTeX/texmfs/install/tex/latex/le
tltxmacro/letltxmacro.sty
Package: letltxmacro 2019/12/03 v1.6 Let assignment for LaTeX macros (HO)
)
(/Users/wtroiani/Library/Application Support/MiKTeX/texmfs/install/tex/latex/au
xhook/auxhook.sty
Package: auxhook 2019-12-17 v1.6 Hooks for auxiliary files (HO)
)
(/Users/wtroiani/Library/Application Support/MiKTeX/texmfs/install/tex/latex/kv
options/kvoptions.sty
Package: kvoptions 2020-10-07 v3.14 Key value format for package options (HO)
)
\@linkdim=\dimen265
\Hy@linkcounter=\count292
\Hy@pagecounter=\count293

(/Library/Application Support/MiKTeX/texmfs/install/tex/latex/hyperref/pd1enc.d
ef
File: pd1enc.def 2021-02-27 v7.00k Hyperref: PDFDocEncoding definition (HO)
Now handling font encoding PD1 ...
... no UTF-8 mapping file for font encoding PD1
)
(/Library/Application Support/MiKTeX/texmfs/install/tex/latex/hyperref/hyperref
-langpatches.def
File: hyperref-langpatches.def 2021-02-27 v7.00k Hyperref: patches for babel la
nguages
)
(/Users/wtroiani/Library/Application Support/MiKTeX/texmfs/install/tex/generic/
intcalc/intcalc.sty
Package: intcalc 2019/12/15 v1.3 Expandable calculations with integers (HO)
)
(/Users/wtroiani/Library/Application Support/MiKTeX/texmfs/install/tex/generic/
etexcmds/etexcmds.sty
Package: etexcmds 2019/12/15 v1.7 Avoid name clashes with e-TeX commands (HO)
)
\Hy@SavedSpaceFactor=\count294

(/Library/Application Support/MiKTeX/texmfs/install/tex/latex/hyperref/puenc.de
f
File: puenc.def 2021-02-27 v7.00k Hyperref: PDF Unicode definition (HO)
Now handling font encoding PU ...
... no UTF-8 mapping file for font encoding PU
)
Package hyperref Info: Option `bookmarks' set `true' on input line 4073.
Package hyperref Info: Option `bookmarksopen' set `true' on input line 4073.
Package hyperref Info: Option `implicit' set `false' on input line 4073.
Package hyperref Info: Hyper figures OFF on input line 4192.
Package hyperref Info: Link nesting OFF on input line 4197.
Package hyperref Info: Hyper index ON on input line 4200.
Package hyperref Info: Plain pages OFF on input line 4207.
Package hyperref Info: Backreferencing OFF on input line 4212.
Package hyperref Info: Implicit mode OFF; no redefinition of LaTeX internals.
Package hyperref Info: Bookmarks ON on input line 4445.
\c@Hy@tempcnt=\count295
 (/Library/Application Support/MiKTeX/texmfs/install/tex/latex/url/url.sty
\Urlmuskip=\muskip16
Package: url 2013/09/16  ver 3.4  Verb mode for urls, etc.
)
LaTeX Info: Redefining \url on input line 4804.
\XeTeXLinkMargin=\dimen266

(/Users/wtroiani/Library/Application Support/MiKTeX/texmfs/install/tex/generic/
bitset/bitset.sty
Package: bitset 2019/12/09 v1.3 Handle bit-vector datatype (HO)

(/Users/wtroiani/Library/Application Support/MiKTeX/texmfs/install/tex/generic/
bigintcalc/bigintcalc.sty
Package: bigintcalc 2019/12/15 v1.5 Expandable calculations on big integers (HO
)
))
\Fld@menulength=\count296
\Field@Width=\dimen267
\Fld@charsize=\dimen268
Package hyperref Info: Hyper figures OFF on input line 6075.
Package hyperref Info: Link nesting OFF on input line 6080.
Package hyperref Info: Hyper index ON on input line 6083.
Package hyperref Info: backreferencing OFF on input line 6090.
Package hyperref Info: Link coloring OFF on input line 6095.
Package hyperref Info: Link coloring with OCG OFF on input line 6100.
Package hyperref Info: PDF/A mode OFF on input line 6105.
LaTeX Info: Redefining \ref on input line 6145.
LaTeX Info: Redefining \pageref on input line 6149.
\Hy@abspage=\count297


Package hyperref Message: Stopped early.

)
Package hyperref Info: Driver (autodetected): hpdftex.

(/Library/Application Support/MiKTeX/texmfs/install/tex/latex/hyperref/hpdftex.
def
File: hpdftex.def 2021-02-27 v7.00k Hyperref driver for pdfTeX

(/Library/Application Support/MiKTeX/texmfs/install/tex/latex/base/atveryend-lt
x.sty
Package: atveryend-ltx 2020/08/19 v1.0a Emulation of the original atvery packag
e
with kernel methods
)
\Fld@listcount=\count298
\c@bookmark@seq@number=\count299

(/Users/wtroiani/Library/Application Support/MiKTeX/texmfs/install/tex/latex/re
runfilecheck/rerunfilecheck.sty
Package: rerunfilecheck 2019/12/05 v1.9 Rerun checks for auxiliary files (HO)

(/Users/wtroiani/Library/Application Support/MiKTeX/texmfs/install/tex/generic/
uniquecounter/uniquecounter.sty
Package: uniquecounter 2019/12/15 v1.4 Provide unlimited unique counter (HO)
)
Package uniquecounter Info: New unique counter `rerunfilecheck' on input line 2
86.
))
(/Users/wtroiani/Library/Application Support/MiKTeX/texmfs/install/tex/latex/be
amer/beamerbaserequires.sty
(/Users/wtroiani/Library/Application Support/MiKTeX/texmfs/install/tex/latex/be
amer/beamerbasecompatibility.sty)
(/Users/wtroiani/Library/Application Support/MiKTeX/texmfs/install/tex/latex/be
amer/beamerbasefont.sty
(/Library/Application Support/MiKTeX/texmfs/install/tex/latex/amsfonts/amssymb.
sty
Package: amssymb 2013/01/14 v3.01 AMS font symbols

(/Library/Application Support/MiKTeX/texmfs/install/tex/latex/amsfonts/amsfonts
.sty
Package: amsfonts 2013/01/14 v3.01 Basic AMSFonts support
\@emptytoks=\toks27
\symAMSa=\mathgroup4
\symAMSb=\mathgroup5
LaTeX Font Info:    Redeclaring math symbol \hbar on input line 98.
LaTeX Font Info:    Overwriting math alphabet `\mathfrak' in version `bold'
(Font)                  U/euf/m/n --> U/euf/b/n on input line 106.
))
(/Users/wtroiani/Library/Application Support/MiKTeX/texmfs/install/tex/latex/sa
nsmathaccent/sansmathaccent.sty
Package: sansmathaccent 2020/01/31

(/Users/wtroiani/Library/Application Support/MiKTeX/texmfs/install/tex/latex/ko
ma-script/scrlfile.sty
Package: scrlfile 2021/11/13 v3.35 KOMA-Script package (file load hooks)

(/Users/wtroiani/Library/Application Support/MiKTeX/texmfs/install/tex/latex/ko
ma-script/scrlfile-hook-3.34.sty
Package: scrlfile-hook-3.34 2021/11/13 v3.35 KOMA-Script package (using LaTeX h
ooks)

LaTeX3 Info: Defining command \BeforeFile with sig. 'm' on line 86.


LaTeX3 Info: Defining command \AfterFile with sig. 'm' on line 90.


LaTeX3 Info: Defining command \BeforeClass with sig. 'm' on line 94.


LaTeX3 Info: Defining command \BeforePackage with sig. 'm' on line 98.


LaTeX3 Info: Defining command \AfterAtEndOfClass with sig. 'smo+m' on line
(LaTeX3)     108.


LaTeX3 Info: Defining command \AfterAtEndOfPackage with sig. 'smo+m' on line
(LaTeX3)     118.


LaTeX3 Info: Defining command \scrlfile@AfterClass with sig. 'smo+m' on line
(LaTeX3)     198.


LaTeX3 Info: Defining command \AfterClass with sig. '' on line 199.


LaTeX3 Info: Defining command \scrlfile@AfterPackage with sig. 'smo+m' on line
(LaTeX3)     216.


LaTeX3 Info: Defining command \AfterPackage with sig. '' on line 217.


LaTeX3 Info: Defining command \ReplaceInput with sig. '' on line 218.


LaTeX3 Info: Defining command \ReplaceClass with sig. 'mm' on line 221.


LaTeX3 Info: Defining command \ReplacePackage with sig. 'mm' on line 224.


LaTeX3 Info: Defining command \UnReplaceInput with sig. '' on line 225.


LaTeX3 Info: Defining command \UnReplaceClass with sig. 'm' on line 228.


LaTeX3 Info: Defining command \UnReplacePackage with sig. 'mm' on line 231.


LaTeX3 Info: Defining command \PreventPackageFromLoading with sig. 's+om' on
(LaTeX3)     line 259.


LaTeX3 Info: Defining command \StorePreventPackageFromLoading with sig. 'm' on
(LaTeX3)     line 267.


LaTeX3 Info: Defining command \ResetPreventPackageFromLoading with sig. '' on
(LaTeX3)     line 272.


LaTeX3 Info: Defining command \UnPreventPackageFromLoading with sig. 'sm' on
(LaTeX3)     line 286.


LaTeX3 Info: Defining command \BeforeClosingMainAux with sig. 'om' on line
(LaTeX3)     299.


LaTeX3 Info: Defining command \AfterReadingMainAux with sig. 'om' on line 312.


LaTeX3 Info: Defining command \protected@immediate@write with sig. 'm+m+m' on
(LaTeX3)     line 323.


(/Users/wtroiani/Library/Application Support/MiKTeX/texmfs/install/tex/latex/ko
ma-script/scrlogo.sty
Package: scrlogo 2021/11/13 v3.35 KOMA-Script package (logo)
)))))
(/Users/wtroiani/Library/Application Support/MiKTeX/texmfs/install/tex/latex/be
amer/beamerbasetranslator.sty
(/Users/wtroiani/Library/Application Support/MiKTeX/texmfs/install/tex/latex/tr
anslator/translator.sty
Package: translator 2021-05-31 v1.12d Easy translation of strings in LaTeX
))
(/Users/wtroiani/Library/Application Support/MiKTeX/texmfs/install/tex/latex/be
amer/beamerbasemisc.sty)
(/Users/wtroiani/Library/Application Support/MiKTeX/texmfs/install/tex/latex/be
amer/beamerbasetwoscreens.sty)
(/Users/wtroiani/Library/Application Support/MiKTeX/texmfs/install/tex/latex/be
amer/beamerbaseoverlay.sty
\beamer@argscount=\count300
\beamer@lastskipcover=\skip50
\beamer@trivlistdepth=\count301
)
(/Users/wtroiani/Library/Application Support/MiKTeX/texmfs/install/tex/latex/be
amer/beamerbasetitle.sty)
(/Users/wtroiani/Library/Application Support/MiKTeX/texmfs/install/tex/latex/be
amer/beamerbasesection.sty
\c@lecture=\count302
\c@part=\count303
\c@section=\count304
\c@subsection=\count305
\c@subsubsection=\count306
)
(/Users/wtroiani/Library/Application Support/MiKTeX/texmfs/install/tex/latex/be
amer/beamerbaseframe.sty
\beamer@framebox=\box62
\beamer@frametitlebox=\box63
\beamer@zoombox=\box64
\beamer@zoomcount=\count307
\beamer@zoomframecount=\count308
\beamer@frametextheight=\dimen269
\c@subsectionslide=\count309
\beamer@frametopskip=\skip51
\beamer@framebottomskip=\skip52
\beamer@frametopskipautobreak=\skip53
\beamer@framebottomskipautobreak=\skip54
\beamer@envbody=\toks28
\framewidth=\dimen270
\c@framenumber=\count310
)
(/Users/wtroiani/Library/Application Support/MiKTeX/texmfs/install/tex/latex/be
amer/beamerbaseverbatim.sty
\beamer@verbatimfileout=\write4
)
(/Users/wtroiani/Library/Application Support/MiKTeX/texmfs/install/tex/latex/be
amer/beamerbaseframesize.sty
\beamer@splitbox=\box65
\beamer@autobreakcount=\count311
\beamer@autobreaklastheight=\dimen271
\beamer@frametitletoks=\toks29
\beamer@framesubtitletoks=\toks30
)
(/Users/wtroiani/Library/Application Support/MiKTeX/texmfs/install/tex/latex/be
amer/beamerbaseframecomponents.sty
\beamer@footins=\box66
)
(/Users/wtroiani/Library/Application Support/MiKTeX/texmfs/install/tex/latex/be
amer/beamerbasecolor.sty)
(/Users/wtroiani/Library/Application Support/MiKTeX/texmfs/install/tex/latex/be
amer/beamerbasenotes.sty
\beamer@frameboxcopy=\box67
)
(/Users/wtroiani/Library/Application Support/MiKTeX/texmfs/install/tex/latex/be
amer/beamerbasetoc.sty)
(/Users/wtroiani/Library/Application Support/MiKTeX/texmfs/install/tex/latex/be
amer/beamerbasetemplates.sty
\beamer@sbttoks=\toks31

(/Users/wtroiani/Library/Application Support/MiKTeX/texmfs/install/tex/latex/be
amer/beamerbaseauxtemplates.sty
(/Users/wtroiani/Library/Application Support/MiKTeX/texmfs/install/tex/latex/be
amer/beamerbaseboxes.sty
\bmb@box=\box68
\bmb@colorbox=\box69
\bmb@boxwidth=\dimen272
\bmb@boxheight=\dimen273
\bmb@prevheight=\dimen274
\bmb@temp=\dimen275
\bmb@dima=\dimen276
\bmb@dimb=\dimen277
\bmb@prevheight=\dimen278
)
\beamer@blockheadheight=\dimen279
))
(/Users/wtroiani/Library/Application Support/MiKTeX/texmfs/install/tex/latex/be
amer/beamerbaselocalstructure.sty
(/Library/Application Support/MiKTeX/texmfs/install/tex/latex/latex-tools/enume
rate.sty
Package: enumerate 2015/07/23 v3.00 enumerate extensions (DPC)
\@enLab=\toks32
)
\beamer@bibiconwidth=\skip55
\c@figure=\count312
\c@table=\count313
\abovecaptionskip=\skip56
\belowcaptionskip=\skip57
)
(/Users/wtroiani/Library/Application Support/MiKTeX/texmfs/install/tex/latex/be
amer/beamerbasenavigation.sty
\beamer@section@min@dim=\dimen280
)
(/Users/wtroiani/Library/Application Support/MiKTeX/texmfs/install/tex/latex/be
amer/beamerbasetheorems.sty
(/Library/Application Support/MiKTeX/texmfs/install/tex/latex/amsmath/amsmath.s
ty
Package: amsmath 2020/09/23 v2.17i AMS math features
\@mathmargin=\skip58

For additional information on amsmath, use the `?' option.

(/Library/Application Support/MiKTeX/texmfs/install/tex/latex/amsmath/amstext.s
ty
Package: amstext 2000/06/29 v2.01 AMS text

(/Library/Application Support/MiKTeX/texmfs/install/tex/latex/amsmath/amsgen.st
y
File: amsgen.sty 1999/11/30 v2.0 generic functions
\@emptytoks=\toks33
\ex@=\dimen281
))
(/Library/Application Support/MiKTeX/texmfs/install/tex/latex/amsmath/amsbsy.st
y
Package: amsbsy 1999/11/29 v1.2d Bold Symbols
\pmbraise@=\dimen282
)
(/Library/Application Support/MiKTeX/texmfs/install/tex/latex/amsmath/amsopn.st
y
Package: amsopn 2016/03/08 v2.02 operator names
)
\inf@bad=\count314
LaTeX Info: Redefining \frac on input line 234.
\uproot@=\count315
\leftroot@=\count316
LaTeX Info: Redefining \overline on input line 399.
\classnum@=\count317
\DOTSCASE@=\count318
LaTeX Info: Redefining \ldots on input line 496.
LaTeX Info: Redefining \dots on input line 499.
LaTeX Info: Redefining \cdots on input line 620.
\Mathstrutbox@=\box70
\strutbox@=\box71
\big@size=\dimen283
LaTeX Font Info:    Redeclaring font encoding OML on input line 743.
LaTeX Font Info:    Redeclaring font encoding OMS on input line 744.
\macc@depth=\count319
\c@MaxMatrixCols=\count320
\dotsspace@=\muskip17
\c@parentequation=\count321
\dspbrk@lvl=\count322
\tag@help=\toks34
\row@=\count323
\column@=\count324
\maxfields@=\count325
\andhelp@=\toks35
\eqnshift@=\dimen284
\alignsep@=\dimen285
\tagshift@=\dimen286
\tagwidth@=\dimen287
\totwidth@=\dimen288
\lineht@=\dimen289
\@envbody=\toks36
\multlinegap=\skip59
\multlinetaggap=\skip60
\mathdisplay@stack=\toks37
LaTeX Info: Redefining \[ on input line 2923.
LaTeX Info: Redefining \] on input line 2924.
)
(/Users/wtroiani/Library/Application Support/MiKTeX/texmfs/install/tex/latex/am
scls/amsthm.sty
Package: amsthm 2020/05/29 v2.20.6
\thm@style=\toks38
\thm@bodyfont=\toks39
\thm@headfont=\toks40
\thm@notefont=\toks41
\thm@headpunct=\toks42
\thm@preskip=\skip61
\thm@postskip=\skip62
\thm@headsep=\skip63
\dth@everypar=\toks43
)
\c@theorem=\count326
)
(/Users/wtroiani/Library/Application Support/MiKTeX/texmfs/install/tex/latex/be
amer/beamerbasethemes.sty))
(/Users/wtroiani/Library/Application Support/MiKTeX/texmfs/install/tex/latex/be
amer/beamerthemedefault.sty
(/Users/wtroiani/Library/Application Support/MiKTeX/texmfs/install/tex/latex/be
amer/beamerfontthemedefault.sty)
(/Users/wtroiani/Library/Application Support/MiKTeX/texmfs/install/tex/latex/be
amer/beamercolorthemedefault.sty)
(/Users/wtroiani/Library/Application Support/MiKTeX/texmfs/install/tex/latex/be
amer/beamerinnerthemedefault.sty
\beamer@dima=\dimen290
\beamer@dimb=\dimen291
)
(/Users/wtroiani/Library/Application Support/MiKTeX/texmfs/install/tex/latex/be
amer/beamerouterthemedefault.sty)))
(/Users/wtroiani/Library/Application Support/MiKTeX/texmfs/install/tex/latex/be
amer/beamerfontthemeserif.sty)
(/Users/wtroiani/Library/Application Support/MiKTeX/texmfs/install/tex/latex/jk
nappen/mathrsfs.sty
Package: mathrsfs 1996/01/01 Math RSFS package v1.0 (jk)
\symrsfs=\mathgroup6
)
(/Library/Application Support/MiKTeX/texmfs/install/tex/latex/latex-tools/array
.sty
Package: array 2020/10/01 v2.5c Tabular extension package (FMi)
\col@sep=\dimen292
\ar@mcellbox=\box72
\extrarowheight=\dimen293
\NC@list=\toks44
\extratabsurround=\skip64
\backup@length=\skip65
\ar@cellbox=\box73
)
(/Users/wtroiani/Library/Application Support/MiKTeX/texmfs/install/tex/latex/un
its/units.sty
Package: units 1998/08/04 v0.9b Typesetting units

(/Library/Application Support/MiKTeX/texmfs/install/tex/latex/base/ifthen.sty
Package: ifthen 2014/09/29 v1.1c Standard LaTeX ifthen package (DPC)
)
(/Users/wtroiani/Library/Application Support/MiKTeX/texmfs/install/tex/latex/un
its/nicefrac.sty
Package: nicefrac 1998/08/04 v0.9b Nice fractions
\L@UnitsRaiseDisplaystyle=\skip66
\L@UnitsRaiseTextstyle=\skip67
\L@UnitsRaiseScriptstyle=\skip68
))
(/Users/wtroiani/Library/Application Support/MiKTeX/texmfs/install/tex/latex/ti
kz-cd/tikz-cd.sty
Package: tikz-cd 2021/05/04 v1.0 Commutative diagrams with TikZ

(/Library/Application Support/MiKTeX/texmfs/install/tex/latex/pgf/frontendlayer
/tikz.sty
(/Library/Application Support/MiKTeX/texmfs/install/tex/latex/pgf/basiclayer/pg
f.sty
Package: pgf 2021/05/15 v3.1.9a (3.1.9a)

(/Library/Application Support/MiKTeX/texmfs/install/tex/generic/pgf/modules/pgf
moduleshapes.code.tex
File: pgfmoduleshapes.code.tex 2021/05/15 v3.1.9a (3.1.9a)
\pgfnodeparttextbox=\box74
)
(/Library/Application Support/MiKTeX/texmfs/install/tex/generic/pgf/modules/pgf
moduleplot.code.tex
File: pgfmoduleplot.code.tex 2021/05/15 v3.1.9a (3.1.9a)
)
(/Library/Application Support/MiKTeX/texmfs/install/tex/latex/pgf/compatibility
/pgfcomp-version-0-65.sty
Package: pgfcomp-version-0-65 2021/05/15 v3.1.9a (3.1.9a)
\pgf@nodesepstart=\dimen294
\pgf@nodesepend=\dimen295
)
(/Library/Application Support/MiKTeX/texmfs/install/tex/latex/pgf/compatibility
/pgfcomp-version-1-18.sty
Package: pgfcomp-version-1-18 2021/05/15 v3.1.9a (3.1.9a)
))
(/Library/Application Support/MiKTeX/texmfs/install/tex/latex/pgf/utilities/pgf
for.sty
(/Library/Application Support/MiKTeX/texmfs/install/tex/generic/pgf/utilities/p
gffor.code.tex
Package: pgffor 2021/05/15 v3.1.9a (3.1.9a)

(/Library/Application Support/MiKTeX/texmfs/install/tex/generic/pgf/math/pgfmat
h.code.tex)
\pgffor@iter=\dimen296
\pgffor@skip=\dimen297
\pgffor@stack=\toks45
\pgffor@toks=\toks46
))
(/Library/Application Support/MiKTeX/texmfs/install/tex/generic/pgf/frontendlay
er/tikz/tikz.code.tex
Package: tikz 2021/05/15 v3.1.9a (3.1.9a)

(/Library/Application Support/MiKTeX/texmfs/install/tex/generic/pgf/libraries/p
gflibraryplothandlers.code.tex
File: pgflibraryplothandlers.code.tex 2021/05/15 v3.1.9a (3.1.9a)
\pgf@plot@mark@count=\count327
\pgfplotmarksize=\dimen298
)
\tikz@lastx=\dimen299
\tikz@lasty=\dimen300
\tikz@lastxsaved=\dimen301
\tikz@lastysaved=\dimen302
\tikz@lastmovetox=\dimen303
\tikz@lastmovetoy=\dimen304
\tikzleveldistance=\dimen305
\tikzsiblingdistance=\dimen306
\tikz@figbox=\box75
\tikz@figbox@bg=\box76
\tikz@tempbox=\box77
\tikz@tempbox@bg=\box78
\tikztreelevel=\count328
\tikznumberofchildren=\count329
\tikznumberofcurrentchild=\count330
\tikz@fig@count=\count331

(/Library/Application Support/MiKTeX/texmfs/install/tex/generic/pgf/modules/pgf
modulematrix.code.tex
File: pgfmodulematrix.code.tex 2021/05/15 v3.1.9a (3.1.9a)
\pgfmatrixcurrentrow=\count332
\pgfmatrixcurrentcolumn=\count333
\pgf@matrix@numberofcolumns=\count334
)
\tikz@expandcount=\count335

(/Library/Application Support/MiKTeX/texmfs/install/tex/generic/pgf/frontendlay
er/tikz/libraries/tikzlibrarytopaths.code.tex
File: tikzlibrarytopaths.code.tex 2021/05/15 v3.1.9a (3.1.9a)
)))
(/Users/wtroiani/Library/Application Support/MiKTeX/texmfs/install/tex/latex/ti
kz-cd/tikzlibrarycd.code.tex
(/Library/Application Support/MiKTeX/texmfs/install/tex/generic/pgf/frontendlay
er/tikz/libraries/tikzlibrarymatrix.code.tex
File: tikzlibrarymatrix.code.tex 2021/05/15 v3.1.9a (3.1.9a)
)
(/Library/Application Support/MiKTeX/texmfs/install/tex/generic/pgf/frontendlay
er/tikz/libraries/tikzlibraryquotes.code.tex
File: tikzlibraryquotes.code.tex 2021/05/15 v3.1.9a (3.1.9a)
)
(/Library/Application Support/MiKTeX/texmfs/install/tex/generic/pgf/libraries/p
gflibraryarrows.meta.code.tex
File: pgflibraryarrows.meta.code.tex 2021/05/15 v3.1.9a (3.1.9a)
\pgfarrowinset=\dimen307
\pgfarrowlength=\dimen308
\pgfarrowwidth=\dimen309
\pgfarrowlinewidth=\dimen310
)))
(/Users/wtroiani/Library/Application Support/MiKTeX/texmfs/install/tex/latex/bb
m/bbm.sty
Package: bbm 1999/03/15 V 1.2 provides fonts for set symbols - TH
LaTeX Font Info:    Overwriting math alphabet `\mathbbm' in version `bold'
(Font)                  U/bbm/m/n --> U/bbm/bx/n on input line 33.
LaTeX Font Info:    Overwriting math alphabet `\mathbbmss' in version `bold'
(Font)                  U/bbmss/m/n --> U/bbmss/bx/n on input line 35.
)
(/Users/wtroiani/Library/Application Support/MiKTeX/texmfs/install/tex/latex/te
nsor/tensor.sty
Package: tensor 2004/12/20 v2.1 tensor indices package (PGR)
\tnsr@Sps=\toks47
\tnsr@Sbs=\toks48
\tnsr@Spe=\toks49
\tnsr@Sbe=\toks50
\ncld@Mno=\toks51
)
(/Users/wtroiani/Library/Application Support/MiKTeX/texmfs/install/tex/latex/ti
pa/tipa.sty
Package: tipa 2002/08/08 TIPA version 1.1

(/Library/Application Support/MiKTeX/texmfs/install/tex/latex/base/fontenc.sty
Package: fontenc 2020/08/10 v2.0s Standard LaTeX package

(/Users/wtroiani/Library/Application Support/MiKTeX/texmfs/install/tex/latex/ti
pa/t3enc.def
File: t3enc.def 2001/12/31 T3 encoding
Now handling font encoding T3 ...
... no UTF-8 mapping file for font encoding T3
)))
(/Users/wtroiani/Library/Application Support/MiKTeX/texmfs/install/tex/latex/bu
ssproofs/bussproofs.sty
Proof Tree (bussproofs) style macros. Version 1.1.
\theLevel=\count336
\myMaxLevel=\count337
\myBoxA=\box79
\myBoxB=\box80
\myBoxC=\box81
\myBoxD=\box82
\myBoxLL=\box83
\myBoxRL=\box84
\thisAboveSkip=\dimen311
\thisBelowSkip=\dimen312
\newScoreStart=\dimen313
\newScoreEnd=\dimen314
\newCenter=\dimen315
\displace=\dimen316
\leftLowerAmt=\dimen317
\rightLowerAmt=\dimen318
\scoreHeight=\dimen319
\scoreDepth=\dimen320
\htLbox=\dimen321
\htRbox=\dimen322
\htRRbox=\dimen323
\htRRRbox=\dimen324
\htAbox=\dimen325
\htCbox=\dimen326
)
(/Users/wtroiani/Library/Application Support/MiKTeX/texmfs/install/tex/latex/st
maryrd/stmaryrd.sty
Package: stmaryrd 1994/03/03 St Mary's Road symbol package
\symstmry=\mathgroup7
LaTeX Font Info:    Overwriting symbol font `stmry' in version `bold'
(Font)                  U/stmry/m/n --> U/stmry/b/n on input line 89.
)
(/Library/Application Support/MiKTeX/texmfs/install/tex/latex/base/textcomp.sty
Package: textcomp 2020/02/02 v2.0n Standard LaTeX package
)
(/Users/wtroiani/Library/Application Support/MiKTeX/texmfs/install/tex/latex/le
ftidx/leftidx.sty
Package: leftidx 2003/09/24 v1.03 Left indices
)
(/Library/Application Support/MiKTeX/texmfs/install/tex/latex/latex-tools/after
page.sty
Package: afterpage 2014/10/28 v1.08 After-Page Package (DPC)
\AP@output=\toks52
\AP@partial=\box85
\AP@footins=\box86
)
(/Users/wtroiani/Library/Application Support/MiKTeX/texmfs/install/tex/latex/va
rwidth/varwidth.sty
Package: varwidth 2009/03/30 ver 0.92;  Variable-width minipages
\@vwid@box=\box87
\sift@deathcycles=\count338
\@vwid@loff=\dimen327
\@vwid@roff=\dimen328
)
(/Users/wtroiani/Library/Application Support/MiKTeX/texmfs/install/tex/latex/ta
sks/tasks.sty
(/Library/Application Support/MiKTeX/texmfs/install/tex/latex/l3kernel/expl3.st
y
Package: expl3 2021-05-11 L3 programming layer (loader) 

(/Library/Application Support/MiKTeX/texmfs/install/tex/latex/l3backend/l3backe
nd-pdftex.def
File: l3backend-pdftex.def 2021-05-07 L3 backend support: PDF output (pdfTeX)
\l__color_backend_stack_int=\count339
\l__pdf_internal_box=\box88
))
(/Library/Application Support/MiKTeX/texmfs/install/tex/latex/l3packages/xparse
/xparse.sty
(/Library/Application Support/MiKTeX/texmfs/install/tex/latex/l3packages/xparse
/xparse-2020-10-01.sty
(/Library/Application Support/MiKTeX/texmfs/install/tex/latex/l3packages/xparse
/xparse-generic.tex)))
(/Library/Application Support/MiKTeX/texmfs/install/tex/latex/l3packages/xtempl
ate/xtemplate.sty
Package: xtemplate 2021-05-07 L3 Experimental prototype document functions
\l__xtemplate_tmp_dim=\dimen329
\l__xtemplate_tmp_int=\count340
\l__xtemplate_tmp_muskip=\muskip18
\l__xtemplate_tmp_skip=\skip69
)
Package: tasks 2021/02/20 v1.3a lists with columns filled horizontally
\g__tasks_total_items_int=\count341
\l__tasks_columns_int=\count342
\g__tasks_rows_int=\count343
\g__tasks_current_col_num_int=\count344
\g__tasks_current_row_num_int=\count345
\l__tasks_item_columns_int=\count346
\g__tasks_env_int=\count347
\l__tasks_start_int=\count348
\l__tasks_item_indent_dim=\dimen330
\l__tasks_item_default_indent_dim=\dimen331
\l__tasks_item_width_dim=\dimen332
\l__tasks_label_width_dim=\dimen333
\l__tasks_label_default_width_dim=\dimen334
\l__tasks_label_offset_dim=\dimen335
\l__tasks_label_default_offset_dim=\dimen336
\l__tasks_column_sep_dim=\dimen337
\l__tasks_correction_dim=\dimen338
\l__tasks_full_width_dim=\dimen339
\l__tasks_after_item_skip=\skip70
\l__tasks_custom_after_item_skip=\skip71
\l__tasks_before_list_skip=\skip72
\l__tasks_after_list_skip=\skip73
\l__tasks_item_coffin=\box89
\l__tasks_label_coffin=\box90
\c@task=\count349
\l__tasks_tmpa_int=\count350
\l__tasks_tmpb_int=\count351
\l__tasks_tmpa_coffin=\box91
\l__tasks_tmpa_box=\box92

Package xtemplate Info: Declaring object type 'tasks' taking 3 argument(s) on
(xtemplate)             line 450.


(/Users/wtroiani/Library/Application Support/MiKTeX/texmfs/install/tex/latex/ta
sks/tasks.cfg))
(/Users/wtroiani/Library/Application Support/MiKTeX/texmfs/install/tex/latex/cm
ll/cmll.sty
Package: cmll 2010/04/20 Linear Logic symbols for Computer Modern
\symllsymbols=\mathgroup8
LaTeX Font Info:    Overwriting symbol font `llsymbols' in version `bold'
(Font)                  U/cmllr/m/n --> U/cmllr/bx/n on input line 49.
)
(/Users/wtroiani/Library/Application Support/MiKTeX/texmfs/install/tex/latex/ma
kecell/makecell.sty
Package: makecell 2009/08/03 V0.1e Managing of Tab Column Heads and Cells
\rotheadsize=\dimen340
\c@nlinenum=\count352
\TeXr@lab=\toks53
)
(/Users/wtroiani/Library/Application Support/MiKTeX/texmfs/install/tex/latex/mn
symbol/MnSymbol.sty
Package: MnSymbol 2007/01/21 v1.4 support for the MnSymbol font
LaTeX Info: Redefining \dagger on input line 84.
LaTeX Info: Redefining \ddagger on input line 84.
LaTeX Info: Redefining \mathparagraph on input line 84.
LaTeX Info: Redefining \mathsection on input line 84.
LaTeX Info: Redefining \mathdollar on input line 84.
LaTeX Info: Redefining \mathsterling on input line 84.
LaTeX Info: Redefining \yen on input line 84.
LaTeX Info: Redefining \circledR on input line 84.
LaTeX Info: Redefining \circledS on input line 84.
LaTeX Info: Redefining \Re on input line 84.
LaTeX Info: Redefining \Im on input line 84.
LaTeX Info: Redefining \dotplus on input line 84.
LaTeX Info: Redefining \thicksim on input line 84.
LaTeX Info: Redefining \thickapprox on input line 84.
LaTeX Info: Redefining \veebar on input line 84.
LaTeX Info: Redefining \barwedge on input line 84.
LaTeX Info: Redefining \doublebarwedge on input line 84.
LaTeX Info: Redefining \centerdot on input line 84.
LaTeX Info: Redefining \divideontimes on input line 84.
\symMnSyA=\mathgroup9
\symMnSyB=\mathgroup10
\symMnSyC=\mathgroup11
\symMnSyD=\mathgroup12
LaTeX Font Info:    Redeclaring symbol font `largesymbols' on input line 119.
LaTeX Font Info:    Overwriting symbol font `largesymbols' in version `normal'
(Font)                  OMX/cmex/m/n --> OMX/MnSymbolE/m/n on input line 119.
LaTeX Font Info:    Overwriting symbol font `largesymbols' in version `bold'
(Font)                  OMX/cmex/m/n --> OMX/MnSymbolE/m/n on input line 119.
LaTeX Font Info:    Redeclaring symbol font `symbols' on input line 120.
LaTeX Font Info:    Encoding `OMS' has changed to `U' for symbol font
(Font)              `symbols' in the math version `normal' on input line 120.
LaTeX Font Info:    Overwriting symbol font `symbols' in version `normal'
(Font)                  OMS/cmsy/m/n --> U/MnSymbolF/m/n on input line 120.
LaTeX Font Info:    Encoding `OMS' has changed to `U' for symbol font
(Font)              `symbols' in the math version `bold' on input line 120.
LaTeX Font Info:    Overwriting symbol font `symbols' in version `bold'
(Font)                  OMS/cmsy/b/n --> U/MnSymbolF/m/n on input line 120.
LaTeX Font Info:    Overwriting symbol font `MnSyA' in version `bold'
(Font)                  U/MnSymbolA/m/n --> U/MnSymbolA/b/n on input line 121.
LaTeX Font Info:    Overwriting symbol font `MnSyB' in version `bold'
(Font)                  U/MnSymbolB/m/n --> U/MnSymbolB/b/n on input line 122.
LaTeX Font Info:    Overwriting symbol font `MnSyC' in version `bold'
(Font)                  U/MnSymbolC/m/n --> U/MnSymbolC/b/n on input line 123.
LaTeX Font Info:    Overwriting symbol font `MnSyD' in version `bold'
(Font)                  U/MnSymbolD/m/n --> U/MnSymbolD/b/n on input line 124.
LaTeX Font Info:    Overwriting symbol font `largesymbols' in version `bold'
(Font)                  OMX/MnSymbolE/m/n --> OMX/MnSymbolE/b/n on input line 1
25.
LaTeX Font Info:    Overwriting symbol font `symbols' in version `bold'
(Font)                  U/MnSymbolF/m/n --> U/MnSymbolF/b/n on input line 126.
LaTeX Font Info:    Redeclaring math alphabet \mathcal on input line 241.
LaTeX Font Info:    Overwriting math alphabet `\mathcal' in version `bold'
(Font)                  OMS/MnSymbolS/m/n --> OMS/MnSymbolS/b/n on input line 2
41.
LaTeX Info: Redefining \longrightarrow on input line 548.
LaTeX Info: Redefining \longleftarrow on input line 549.
LaTeX Info: Redefining \longleftrightarrow on input line 550.
LaTeX Info: Redefining \Longrightarrow on input line 551.
LaTeX Info: Redefining \Longleftarrow on input line 552.
LaTeX Info: Redefining \Longleftrightarrow on input line 553.
LaTeX Info: Redefining \longmapsto on input line 554.
LaTeX Info: Redefining \vdots on input line 868.
LaTeX Font Info:    Redeclaring math symbol \braceld on input line 1721.
LaTeX Font Info:    Redeclaring math symbol \bracelu on input line 1722.
LaTeX Font Info:    Redeclaring math symbol \bracerd on input line 1723.
LaTeX Font Info:    Redeclaring math symbol \braceru on input line 1724.
LaTeX Info: Redefining \downbracefill on input line 1799.
LaTeX Info: Redefining \upbracefill on input line 1800.
LaTeX Info: Redefining \overbrace on input line 1819.
LaTeX Info: Redefining \underbrace on input line 1820.
LaTeX Info: Redefining \surd on input line 1843.
LaTeX Font Info:    Redeclaring math accent \widehat on input line 1845.
LaTeX Font Info:    Redeclaring math accent \widetilde on input line 1846.
LaTeX Font Info:    Redeclaring math accent \vec on input line 1848.
) (quiver.sty
Package: quiver 2021/01/11 quiver

(/Library/Application Support/MiKTeX/texmfs/install/tex/generic/pgf/frontendlay
er/tikz/libraries/tikzlibrarycalc.code.tex
File: tikzlibrarycalc.code.tex 2021/05/15 v3.1.9a (3.1.9a)
)
(/Library/Application Support/MiKTeX/texmfs/install/tex/generic/pgf/frontendlay
er/tikz/libraries/tikzlibrarydecorations.pathmorphing.code.tex
(/Library/Application Support/MiKTeX/texmfs/install/tex/generic/pgf/frontendlay
er/tikz/libraries/tikzlibrarydecorations.code.tex
(/Library/Application Support/MiKTeX/texmfs/install/tex/generic/pgf/modules/pgf
moduledecorations.code.tex
\pgfdecoratedcompleteddistance=\dimen341
\pgfdecoratedremainingdistance=\dimen342
\pgfdecoratedinputsegmentcompleteddistance=\dimen343
\pgfdecoratedinputsegmentremainingdistance=\dimen344
\pgf@decorate@distancetomove=\dimen345
\pgf@decorate@repeatstate=\count353
\pgfdecorationsegmentamplitude=\dimen346
\pgfdecorationsegmentlength=\dimen347
)
\tikz@lib@dec@box=\box93
)
(/Library/Application Support/MiKTeX/texmfs/install/tex/generic/pgf/libraries/d
ecorations/pgflibrarydecorations.pathmorphing.code.tex)))
(/Users/wtroiani/Library/Application Support/MiKTeX/texmfs/install/tex/latex/ad
justbox/adjustbox.sty
Package: adjustbox 2020/08/19 v1.3 Adjusting TeX boxes (trim, clip, ...)

(/Library/Application Support/MiKTeX/texmfs/install/tex/latex/xkeyval/xkeyval.s
ty
Package: xkeyval 2020/11/20 v2.8 package option processing (HA)

(/Library/Application Support/MiKTeX/texmfs/install/tex/generic/xkeyval/xkeyval
.tex
(/Library/Application Support/MiKTeX/texmfs/install/tex/generic/xkeyval/xkvutil
s.tex
\XKV@toks=\toks54
\XKV@tempa@toks=\toks55
)
\XKV@depth=\count354
File: xkeyval.tex 2014/12/03 v2.7a key=value parser (HA)
))
(/Users/wtroiani/Library/Application Support/MiKTeX/texmfs/install/tex/latex/ad
justbox/adjcalc.sty
Package: adjcalc 2012/05/16 v1.1 Provides advanced setlength with multiple back
-ends (calc, etex, pgfmath)
)
(/Users/wtroiani/Library/Application Support/MiKTeX/texmfs/install/tex/latex/ad
justbox/trimclip.sty
Package: trimclip 2020/08/19 v1.2 Trim and clip general TeX material

(/Users/wtroiani/Library/Application Support/MiKTeX/texmfs/install/tex/latex/co
llectbox/collectbox.sty
Package: collectbox 2012/05/17 v0.4b Collect macro arguments as boxes
\collectedbox=\box94
)
\tc@llx=\dimen348
\tc@lly=\dimen349
\tc@urx=\dimen350
\tc@ury=\dimen351
Package trimclip Info: Using driver 'tc-pdftex.def'.

(/Users/wtroiani/Library/Application Support/MiKTeX/texmfs/install/tex/latex/ad
justbox/tc-pdftex.def
File: tc-pdftex.def 2019/01/04 v2.2 Clipping driver for pdftex
))
\adjbox@Width=\dimen352
\adjbox@Height=\dimen353
\adjbox@Depth=\dimen354
\adjbox@Totalheight=\dimen355
\adjbox@pwidth=\dimen356
\adjbox@pheight=\dimen357
\adjbox@pdepth=\dimen358
\adjbox@ptotalheight=\dimen359

(/Users/wtroiani/Library/Application Support/MiKTeX/texmfs/install/tex/latex/if
oddpage/ifoddpage.sty
Package: ifoddpage 2016/04/23 v1.1 Conditionals for odd/even page detection
\c@checkoddpage=\count355
))
(/Users/wtroiani/Library/Application Support/MiKTeX/texmfs/install/tex/latex/mu
ltirow/multirow.sty
Package: multirow 2021/03/15 v2.8 Span multiple rows of a table
\multirow@colwidth=\skip74
\multirow@cntb=\count356
\multirow@dima=\skip75
\bigstrutjot=\dimen360
)
(/Users/wtroiani/Library/Application Support/MiKTeX/texmfs/install/tex/latex/bo
oktabs/booktabs.sty
Package: booktabs 2020/01/12 v1.61803398 Publication quality tables
\heavyrulewidth=\dimen361
\lightrulewidth=\dimen362
\cmidrulewidth=\dimen363
\belowrulesep=\dimen364
\belowbottomsep=\dimen365
\aboverulesep=\dimen366
\abovetopsep=\dimen367
\cmidrulesep=\dimen368
\cmidrulekern=\dimen369
\defaultaddspace=\dimen370
\@cmidla=\count357
\@cmidlb=\count358
\@aboverulesep=\dimen371
\@belowrulesep=\dimen372
\@thisruleclass=\count359
\@lastruleclass=\count360
\@thisrulewidth=\dimen373
)
(/Library/Application Support/MiKTeX/texmfs/install/tex/latex/latex-tools/calc.
sty
Package: calc 2017/05/25 v4.3 Infix arithmetic (KKT,FJ)
\calc@Acount=\count361
\calc@Bcount=\count362
\calc@Adimen=\dimen374
\calc@Bdimen=\dimen375
\calc@Askip=\skip76
\calc@Bskip=\skip77
LaTeX Info: Redefining \setlength on input line 80.
LaTeX Info: Redefining \addtolength on input line 81.
\calc@Ccount=\count363
\calc@Cskip=\skip78
)
\c@thm=\count364
LaTeX Info: Redefining \diamondtimes on input line 104.
 (AlgPntSlides.aux

LaTeX Warning: Label `eq:link_ideal_example' multiply defined.


LaTeX Warning: Label `eq:induced' multiply defined.

)
\openout1 = `AlgPntSlides.aux'.

LaTeX Font Info:    Checking defaults for OML/cmm/m/it on input line 140.
LaTeX Font Info:    ... okay on input line 140.
LaTeX Font Info:    Checking defaults for OMS/cmsy/m/n on input line 140.
LaTeX Font Info:    ... okay on input line 140.
LaTeX Font Info:    Checking defaults for OT1/cmr/m/n on input line 140.
LaTeX Font Info:    ... okay on input line 140.
LaTeX Font Info:    Checking defaults for T1/cmr/m/n on input line 140.
LaTeX Font Info:    ... okay on input line 140.
LaTeX Font Info:    Checking defaults for TS1/cmr/m/n on input line 140.
LaTeX Font Info:    ... okay on input line 140.
LaTeX Font Info:    Checking defaults for OMX/cmex/m/n on input line 140.
LaTeX Font Info:    ... okay on input line 140.
LaTeX Font Info:    Checking defaults for U/cmr/m/n on input line 140.
LaTeX Font Info:    ... okay on input line 140.
LaTeX Font Info:    Checking defaults for PD1/pdf/m/n on input line 140.
LaTeX Font Info:    ... okay on input line 140.
LaTeX Font Info:    Checking defaults for PU/pdf/m/n on input line 140.
LaTeX Font Info:    ... okay on input line 140.
LaTeX Font Info:    Checking defaults for T3/cmr/m/n on input line 140.
LaTeX Font Info:    Trying to load font information for T3+cmr on input line 14
0.

(/Users/wtroiani/Library/Application Support/MiKTeX/texmfs/install/tex/latex/ti
pa/t3cmr.fd
File: t3cmr.fd 2001/12/31 TIPA font definitions
)
LaTeX Font Info:    ... okay on input line 140.

*geometry* driver: auto-detecting
*geometry* detected driver: pdftex
*geometry* verbose mode - [ preamble ] result:
* driver: pdftex
* paper: custom
* layout: <same size as paper>
* layoutoffset:(h,v)=(0.0pt,0.0pt)
* modes: includehead includefoot 
* h-part:(L,W,R)=(28.45274pt, 307.28987pt, 28.45274pt)
* v-part:(T,H,B)=(0.0pt, 273.14662pt, 0.0pt)
* \paperwidth=364.19536pt
* \paperheight=273.14662pt
* \textwidth=307.28987pt
* \textheight=244.6939pt
* \oddsidemargin=-43.81725pt
* \evensidemargin=-43.81725pt
* \topmargin=-72.26999pt
* \headheight=14.22636pt
* \headsep=0.0pt
* \topskip=11.0pt
* \footskip=14.22636pt
* \marginparwidth=4.0pt
* \marginparsep=10.0pt
* \columnsep=10.0pt
* \skip\footins=10.0pt plus 4.0pt minus 2.0pt
* \hoffset=0.0pt
* \voffset=0.0pt
* \mag=1000
* \@twocolumnfalse
* \@twosidefalse
* \@mparswitchfalse
* \@reversemarginfalse
* (1in=72.27pt=25.4mm, 1cm=28.453pt)


(/Library/Application Support/MiKTeX/texmfs/install/tex/context/base/mkii/supp-
pdf.mkii
[Loading MPS to PDF converter (version 2006.09.02).]
\scratchcounter=\count365
\scratchdimen=\dimen376
\scratchbox=\box95
\nofMPsegments=\count366
\nofMParguments=\count367
\everyMPshowfont=\toks56
\MPscratchCnt=\count368
\MPscratchDim=\dimen377
\MPnumerator=\count369
\makeMPintoPDFobject=\count370
\everyMPtoPDFconversion=\toks57
)
(/Library/Application Support/MiKTeX/texmfs/install/tex/latex/epstopdf-pkg/epst
opdf-base.sty
Package: epstopdf-base 2020-01-24 v2.11 Base part for package epstopdf
Package epstopdf-base Info: Redefining graphics rule for `.eps' on input line 4
85.

(/Library/Application Support/MiKTeX/texmfs/install/tex/latex/00miktex/epstopdf
-sys.cfg
File: epstopdf-sys.cfg 2021/03/18 v2.0 Configuration of epstopdf for MiKTeX
))
Package hyperref Info: Link coloring OFF on input line 140.

(/Library/Application Support/MiKTeX/texmfs/install/tex/latex/hyperref/nameref.
sty
Package: nameref 2021-04-02 v2.47 Cross-referencing by name of section

(/Users/wtroiani/Library/Application Support/MiKTeX/texmfs/install/tex/latex/re
fcount/refcount.sty
Package: refcount 2019/12/15 v3.6 Data extraction from label references (HO)
)
(/Users/wtroiani/Library/Application Support/MiKTeX/texmfs/install/tex/generic/
gettitlestring/gettitlestring.sty
Package: gettitlestring 2019/12/15 v1.6 Cleanup title references (HO)
)
\c@section@level=\count371
)
LaTeX Info: Redefining \ref on input line 140.
LaTeX Info: Redefining \pageref on input line 140.
LaTeX Info: Redefining \nameref on input line 140.
 (AlgPntSlides.out) (AlgPntSlides.out)
\@outlinefile=\write5
\openout5 = `AlgPntSlides.out'.


(/Users/wtroiani/Library/Application Support/MiKTeX/texmfs/install/tex/latex/tr
anslator/translator-basic-dictionary-English.dict
Dictionary: translator-basic-dictionary, Language: English 
)
(/Users/wtroiani/Library/Application Support/MiKTeX/texmfs/install/tex/latex/tr
anslator/translator-bibliography-dictionary-English.dict
Dictionary: translator-bibliography-dictionary, Language: English 
)
(/Users/wtroiani/Library/Application Support/MiKTeX/texmfs/install/tex/latex/tr
anslator/translator-environment-dictionary-English.dict
Dictionary: translator-environment-dictionary, Language: English 
)
(/Users/wtroiani/Library/Application Support/MiKTeX/texmfs/install/tex/latex/tr
anslator/translator-months-dictionary-English.dict
Dictionary: translator-months-dictionary, Language: English 
)
(/Users/wtroiani/Library/Application Support/MiKTeX/texmfs/install/tex/latex/tr
anslator/translator-numbers-dictionary-English.dict
Dictionary: translator-numbers-dictionary, Language: English 
)
(/Users/wtroiani/Library/Application Support/MiKTeX/texmfs/install/tex/latex/tr
anslator/translator-theorem-dictionary-English.dict
Dictionary: translator-theorem-dictionary, Language: English 
) (AlgPntSlides.nav)
[1

{/Users/wtroiani/Library/Application Support/MiKTeX/texmfs/data/pdftex/config/p
dftex.map}]
LaTeX Font Info:    Trying to load font information for U+msa on input line 188
.

(/Library/Application Support/MiKTeX/texmfs/install/tex/latex/amsfonts/umsa.fd
File: umsa.fd 2013/01/14 v3.01 AMS symbols A
)
LaTeX Font Info:    Trying to load font information for U+msb on input line 188
.
(/Library/Application Support/MiKTeX/texmfs/install/tex/latex/amsfonts/umsb.fd
File: umsb.fd 2013/01/14 v3.01 AMS symbols B
)
LaTeX Font Info:    Trying to load font information for U+rsfs on input line 18
8.

(/Users/wtroiani/Library/Application Support/MiKTeX/texmfs/install/tex/latex/jk
nappen/ursfs.fd
File: ursfs.fd 1998/03/24 rsfs font definition file (jk)
)
LaTeX Font Info:    Trying to load font information for U+stmry on input line 1
88.

(/Users/wtroiani/Library/Application Support/MiKTeX/texmfs/install/tex/latex/st
maryrd/Ustmry.fd)
LaTeX Font Info:    Trying to load font information for U+cmllr on input line 1
88.

(/Users/wtroiani/Library/Application Support/MiKTeX/texmfs/install/tex/latex/cm
ll/ucmllr.fd) [2

] [3

] [4

]
Overfull \hbox (5.51631pt too wide) detected at line 258
[]
 []

[5

] [6

] [7

]
Overfull \hbox (10.38858pt too wide) detected at line 393
[][]
 []


Overfull \hbox (243.999pt too wide) detected at line 393
[]
 []


Overfull \hbox (10.82648pt too wide) in paragraph at lines 393--393
[]  
 []

[8

]pdfTeX warning (ext4): destination with the same identifier (name{eq:link_idea
l_example}) has been already used, duplicate ignored
<to be read again> 
                   \relax 
l.438 	\end{frame}
                  
Overfull \hbox (10.38858pt too wide) detected at line 438
[][]
 []


Overfull \hbox (21.70845pt too wide) detected at line 438
[]
 []

[9

] [10

]
Overfull \hbox (4.77496pt too wide) detected at line 500
[]
 []

[11

]
Overfull \hbox (34.44041pt too wide) in paragraph at lines 586--586
 [] 
 []

[12

]
Overfull \vbox (0.66064pt too high) detected at line 635
 []

[13

] [14

] [15

]
Overfull \hbox (4.72093pt too wide) detected at line 771
[][]
 []

[16

] [17

]
Overfull \vbox (2.29544pt too high) detected at line 803
 []

[18

] [19

] [20

] [21

] [22

] [23

] [24

] [25

] [26

] [27

] [28

] [29

] [30

]pdfTeX warning (ext4): destination with the same identifier (name{eq:induced})
 has been already used, duplicate ignored
<to be read again> 
                   \relax 
l.1091 \end{frame}
                   [31

] [32

]
Overfull \hbox (1.59988pt too wide) detected at line 1246
[]
 []

[33

] [34

]
Overfull \hbox (3.46425pt too wide) detected at line 1354
[][][][]
 []

[35

]
Overfull \hbox (1.59988pt too wide) detected at line 1394
[]
 []

[36

]
\tf@nav=\write6
\openout6 = `AlgPntSlides.nav'.

\tf@toc=\write7
\openout7 = `AlgPntSlides.toc'.

\tf@snm=\write8
\openout8 = `AlgPntSlides.snm'.

 (AlgPntSlides.aux)

LaTeX Warning: There were multiply-defined labels.

Package rerunfilecheck Info: File `AlgPntSlides.out' has not changed.
(rerunfilecheck)             Checksum: D41D8CD98F00B204E9800998ECF8427E;0.
 ) 
Here is how much of TeX's memory you used:
 36667 strings out of 481099
 743828 string characters out of 2904467
 999440 words of memory out of 3000000
 53232 multiletter control sequences out of 15000+600000
 431995 words of font info for 137 fonts, out of 8000000 for 9000
 0 hyphenation exceptions out of 8191
 128i,26n,126p,2988b,1535s stack positions out of 5000i,500n,10000p,200000b,80000s
{/Users/wtroiani/Library/Application Support/MiKTeX/texmfs/install/fonts/enc/
dvips/mnsymbol/MnSymbolE.enc}{/Users/wtroiani/Library/Application Support/MiKTe
X/texmfs/install/fonts/enc/dvips/mnsymbol/MnSymbolC.enc}{/Users/wtroiani/Librar
y/Application Support/MiKTeX/texmfs/install/fonts/enc/dvips/mnsymbol/MnSymbolA.
enc}{/Users/wtroiani/Library/Application Support/MiKTeX/texmfs/install/fonts/en
c/dvips/mnsymbol/MnSymbolD.enc}{/Users/wtroiani/Library/Application Support/MiK
TeX/texmfs/install/fonts/enc/dvips/mnsymbol/MnSymbolF.enc}</Users/wtroiani/Libr
ary/Application Support/MiKTeX/texmfs/install/fonts/type1/public/mnsymbol/MnSym
bol10.pfb></Users/wtroiani/Library/Application Support/MiKTeX/texmfs/install/fo
nts/type1/public/mnsymbol/MnSymbol5.pfb></Users/wtroiani/Library/Application Su
pport/MiKTeX/texmfs/install/fonts/type1/public/mnsymbol/MnSymbol6.pfb></Users/w
troiani/Library/Application Support/MiKTeX/texmfs/install/fonts/type1/public/mn
symbol/MnSymbol7.pfb></Users/wtroiani/Library/Application Support/MiKTeX/texmfs
/install/fonts/type1/public/mnsymbol/MnSymbol8.pfb></Users/wtroiani/Library/App
lication Support/MiKTeX/texmfs/install/fonts/type1/public/cmll/cmllr10.pfb></Li
brary/Application Support/MiKTeX/texmfs/install/fonts/type1/public/amsfonts/cm/
cmmi10.pfb></Library/Application Support/MiKTeX/texmfs/install/fonts/type1/publ
ic/amsfonts/cm/cmmi12.pfb></Library/Application Support/MiKTeX/texmfs/install/f
onts/type1/public/amsfonts/cm/cmmi5.pfb></Library/Application Support/MiKTeX/te
xmfs/install/fonts/type1/public/amsfonts/cm/cmmi6.pfb></Library/Application Sup
port/MiKTeX/texmfs/install/fonts/type1/public/amsfonts/cm/cmmi7.pfb></Library/A
pplication Support/MiKTeX/texmfs/install/fonts/type1/public/amsfonts/cm/cmmi8.p
fb></Library/Application Support/MiKTeX/texmfs/install/fonts/type1/public/amsfo
nts/cm/cmr10.pfb></Library/Application Support/MiKTeX/texmfs/install/fonts/type
1/public/amsfonts/cm/cmr12.pfb></Library/Application Support/MiKTeX/texmfs/inst
all/fonts/type1/public/amsfonts/cm/cmr6.pfb></Library/Application Support/MiKTe
X/texmfs/install/fonts/type1/public/amsfonts/cm/cmr7.pfb></Library/Application 
Support/MiKTeX/texmfs/install/fonts/type1/public/amsfonts/cm/cmr8.pfb></Library
/Application Support/MiKTeX/texmfs/install/fonts/type1/public/amsfonts/cm/cmss1
0.pfb></Library/Application Support/MiKTeX/texmfs/install/fonts/type1/public/am
sfonts/cm/cmss12.pfb></Library/Application Support/MiKTeX/texmfs/install/fonts/
type1/public/amsfonts/cm/cmss8.pfb></Library/Application Support/MiKTeX/texmfs/
install/fonts/type1/public/amsfonts/cm/cmssbx10.pfb></Library/Application Suppo
rt/MiKTeX/texmfs/install/fonts/type1/public/amsfonts/cm/cmssi10.pfb></Library/A
pplication Support/MiKTeX/texmfs/install/fonts/type1/public/amsfonts/cm/cmssi12
.pfb></Library/Application Support/MiKTeX/texmfs/install/fonts/type1/public/ams
fonts/symbols/msbm10.pfb></Users/wtroiani/Library/Application Support/MiKTeX/te
xmfs/install/fonts/type1/public/hoekwater/stmary10.pfb>
Output written on AlgPntSlides.pdf (36 pages, 549515 bytes).
PDF statistics:
 1088 PDF objects out of 1200 (max. 8388607)
 99 named destinations out of 1000 (max. 500000)
 43 words of extra memory for PDF output out of 10000 (max. 10000000)

