\BOOKMARK [1][-]{section.1}{\376\377\000L\000i\000n\000e\000a\000r\000\040\000A\000l\000g\000e\000b\000r\000a}{}% 1
\BOOKMARK [2][-]{subsection.1.1}{\376\377\000O\000r\000t\000h\000o\000g\000o\000n\000a\000l\000\040\000m\000a\000t\000r\000i\000c\000e\000s}{section.1}% 2
\BOOKMARK [2][-]{subsection.1.2}{\376\377\000P\000a\000r\000t\000i\000a\000l\000\040\000t\000r\000a\000c\000e}{section.1}% 3
\BOOKMARK [1][-]{section.2}{\376\377\000R\000i\000n\000g\000s\000\040\000a\000n\000d\000\040\000m\000o\000d\000u\000l\000e\000s}{}% 4
\BOOKMARK [2][-]{subsection.2.1}{\376\377\000L\000o\000c\000a\000l\000i\000s\000a\000t\000i\000o\000n\000\040\000\050\000N\000a\000k\000a\000y\000a\000m\000a\000'\000s\000\040\000L\000e\000m\000m\000a\000\051}{section.2}% 5
\BOOKMARK [2][-]{subsection.2.2}{\376\377\000C\000h\000a\000i\000n\000\040\000c\000o\000n\000d\000i\000t\000i\000o\000n\000s}{section.2}% 6
\BOOKMARK [3][-]{subsubsection.2.2.1}{\376\377\000A\000r\000t\000i\000n\000i\000a\000n\000\040\000r\000i\000n\000g\000s\000/\000m\000o\000d\000u\000l\000e\000s}{subsection.2.2}% 7
\BOOKMARK [2][-]{subsection.2.3}{\376\377\000A\000s\000s\000o\000c\000i\000a\000t\000e\000d\000\040\000p\000r\000i\000m\000e\000s\000/\000p\000r\000i\000m\000a\000r\000y\000\040\000d\000e\000c\000o\000m\000p\000o\000s\000i\000t\000i\000o\000n}{section.2}% 8
\BOOKMARK [1][-]{section.3}{\376\377\000P\000o\000l\000y\000n\000o\000m\000i\000a\000l\000\040\000r\000i\000n\000g\000s}{}% 9
\BOOKMARK [2][-]{subsection.3.1}{\376\377\000T\000h\000e\000\040\000q\000u\000o\000t\000i\000e\000n\000t\000\040\000o\000f\000\040\000a\000\040\000p\000o\000l\000y\000n\000o\000m\000i\000a\000l\000\040\000r\000i\000n\000g\000\040\000b\000y\000\040\000a\000\040\000m\000a\000x\000i\000m\000a\000l\000\040\000i\000d\000e\000a\000l}{section.3}% 10
\BOOKMARK [2][-]{subsection.3.2}{\376\377\000H\000i\000l\000b\000e\000r\000t\000'\000s\000\040\000N\000u\000l\000l\000s\000t\000e\000l\000l\000e\000n\000s\000a\000t\000z}{section.3}% 11
\BOOKMARK [2][-]{subsection.3.3}{\376\377\000H\000i\000l\000b\000e\000r\000t\000'\000s\000\040\000B\000a\000s\000i\000s\000\040\000T\000h\000e\000o\000r\000e\000m}{section.3}% 12
\BOOKMARK [2][-]{subsection.3.4}{\376\377\000N\000o\000e\000t\000h\000e\000r\000\040\000n\000o\000r\000m\000a\000l\000i\000s\000a\000t\000i\000o\000n}{section.3}% 13
\BOOKMARK [1][-]{section.4}{\376\377\000F\000i\000e\000l\000d\000s}{}% 14
\BOOKMARK [2][-]{subsection.4.1}{\376\377\000A\000l\000g\000e\000b\000r\000a\000i\000c\000\040\000c\000l\000o\000s\000u\000r\000e}{section.4}% 15
\BOOKMARK [2][-]{subsection.4.2}{\376\377\000T\000r\000a\000n\000s\000c\000e\000n\000d\000e\000n\000c\000e\000\040\000d\000e\000g\000r\000e\000e}{section.4}% 16
\BOOKMARK [2][-]{subsection.4.3}{\376\377\000P\000e\000r\000f\000e\000c\000t\000\040\000f\000i\000e\000l\000d\000s\000\040\000a\000n\000d\000\040\000s\000e\000p\000a\000r\000a\000b\000l\000e\000\040\000e\000l\000e\000m\000e\000n\000t\000s}{section.4}% 17
\BOOKMARK [1][-]{section.5}{\376\377\000F\000i\000e\000l\000d\000\040\000e\000x\000t\000e\000n\000s\000i\000o\000n\000s}{}% 18
\BOOKMARK [2][-]{subsection.5.1}{\376\377\000S\000e\000p\000a\000r\000a\000b\000l\000e\000\040\000e\000x\000t\000e\000n\000s\000i\000o\000n\000s}{section.5}% 19
\BOOKMARK [2][-]{subsection.5.2}{\376\377\000T\000h\000e\000o\000r\000e\000m\000\040\000o\000f\000\040\000a\000\040\000P\000r\000i\000m\000i\000t\000i\000v\000e\000\040\000e\000l\000e\000m\000e\000n\000t}{section.5}% 20
\BOOKMARK [2][-]{subsection.5.3}{\376\377\000S\000e\000p\000a\000r\000a\000t\000i\000n\000g\000\040\000t\000r\000a\000n\000s\000c\000e\000n\000d\000e\000n\000c\000e\000\040\000b\000a\000s\000e\000s}{section.5}% 21
\BOOKMARK [1][-]{section.6}{\376\377\000I\000n\000t\000e\000g\000r\000a\000l\000\040\000e\000x\000t\000e\000n\000s\000i\000o\000n\000s\000\040\000a\000n\000d\000\040\000j\000a\000c\000o\000b\000s\000o\000n\000\040\000r\000i\000n\000g\000s}{}% 22
\BOOKMARK [2][-]{subsection.6.1}{\376\377\000C\000a\000y\000l\000e\000y\000-\000H\000a\000m\000i\000l\000t\000o\000n\000\040\000T\000h\000e\000o\000r\000e\000m\000,\000\040\000f\000i\000n\000i\000t\000e\000\040\000m\000o\000d\000u\000l\000e\000s\000,\000\040\000a\000n\000d\000\040\000i\000n\000t\000e\000g\000r\000a\000l\000i\000t\000y}{section.6}% 23
\BOOKMARK [2][-]{subsection.6.2}{\376\377\000J\000a\000c\000o\000b\000s\000o\000n\000\040\000r\000i\000n\000g\000s}{section.6}% 24
\BOOKMARK [2][-]{subsection.6.3}{\376\377\000G\000o\000i\000n\000g\000\040\000U\000p\000\040\000a\000n\000d\000\040\000L\000y\000i\000n\000g\000\040\000o\000v\000e\000r\000\040\000T\000h\000e\000o\000r\000e\000m\000s}{section.6}% 25
\BOOKMARK [1][-]{section.7}{\376\377\000D\000i\000m\000e\000n\000s\000i\000o\000n\000\040\000T\000h\000e\000o\000r\000y}{}% 26
\BOOKMARK [2][-]{subsection.7.1}{\376\377\000T\000r\000a\000n\000s\000c\000e\000n\000d\000e\000n\000c\000e\000\040\000d\000e\000g\000r\000e\000e\000\040\000o\000f\000\040\000f\000i\000n\000i\000t\000e\000l\000y\000\040\000g\000e\000n\000e\000r\000a\000t\000e\000d\000\040\000k\000-\000d\000o\000m\000a\000i\000n\000s}{section.7}% 27
\BOOKMARK [2][-]{subsection.7.2}{\376\377\000T\000h\000e\000\040\000P\000o\000i\000n\000c\000a\000r\000e\000\040\000S\000e\000r\000i\000e\000s\000\040\000a\000n\000d\000\040\000t\000h\000e\000\040\000l\000e\000n\000g\000t\000h\000\040\000o\000f\000\040\000a\000\040\000m\000o\000d\000u\000l\000e}{section.7}% 28
\BOOKMARK [3][-]{subsubsection.7.2.1}{\376\377\000T\000h\000e\000\040\000l\000e\000n\000g\000t\000h\000\040\000p\000o\000l\000y\000n\000o\000m\000i\000a\000l}{subsection.7.2}% 29
\BOOKMARK [2][-]{subsection.7.3}{\376\377\000T\000h\000e\000\040\000D\000i\000m\000e\000n\000s\000i\000o\000n\000\040\000T\000h\000e\000o\000r\000e\000m}{section.7}% 30
\BOOKMARK [1][-]{section.8}{\376\377\000D\000i\000s\000c\000r\000e\000t\000e\000\040\000v\000a\000l\000u\000a\000t\000i\000o\000n\000\040\000r\000i\000n\000g\000s}{}% 31
\BOOKMARK [1][-]{section.9}{\376\377\000G\000r\000a\000d\000e\000d\000\040\000r\000i\000n\000g\000s\000,\000\040\000m\000o\000d\000u\000l\000e\000s\000,\000\040\000a\000n\000d\000\040\000a\000l\000g\000e\000b\000r\000a\000s}{}% 32
\BOOKMARK [2][-]{subsection.9.1}{\376\377\000G\000e\000n\000e\000r\000a\000l\000\040\000T\000h\000e\000o\000r\000y}{section.9}% 33
\BOOKMARK [2][-]{subsection.9.2}{\376\377\000E\000x\000t\000e\000r\000i\000o\000r\000\040\000a\000l\000g\000e\000b\000r\000a}{section.9}% 34
\BOOKMARK [3][-]{subsubsection.9.2.1}{\376\377\000C\000a\000t\000e\000g\000o\000r\000y\000\040\000t\000h\000e\000o\000r\000e\000t\000i\000c\000\040\000p\000r\000o\000p\000e\000r\000t\000i\000e\000s\000\040\000o\000f\000\040\000t\000h\000e\000\040\000e\000x\000t\000e\000r\000i\000o\000r\000\040\000a\000l\000g\000e\000b\000r\000a}{subsection.9.2}% 35
\BOOKMARK [1][-]{section.10}{\376\377\000R\000e\000g\000u\000l\000a\000r\000\040\000a\000n\000d\000\040\000q\000u\000a\000s\000i\000-\000r\000e\000g\000u\000l\000a\000r\000\040\000s\000e\000q\000u\000e\000n\000c\000e\000s}{}% 36
\BOOKMARK [2][-]{subsection.10.1}{\376\377\000R\000e\000g\000u\000l\000a\000r\000\040\000s\000e\000q\000u\000e\000n\000c\000e\000s\000\040\000a\000n\000d\000\040\000t\000h\000e\000\040\000K\000o\000s\000z\000u\000l\000\040\000c\000o\000m\000p\000l\000e\000x}{section.10}% 37
\BOOKMARK [2][-]{subsection.10.2}{\376\377\000R\000e\000g\000u\000l\000a\000r\000\040\000s\000e\000q\000u\000e\000n\000c\000e\000s\000\040\000a\000r\000e\000\040\000q\000u\000a\000s\000i\000-\000r\000e\000g\000u\000l\000a\000r}{section.10}% 38
\BOOKMARK [1][-]{section.11}{\376\377\000C\000l\000i\000f\000f\000o\000r\000d\000\040\000a\000l\000g\000e\000b\000r\000a\000s}{}% 39
\BOOKMARK [2][-]{subsection.11.1}{\376\377\000B\000i\000l\000i\000n\000e\000a\000r\000/\000Q\000u\000a\000d\000r\000a\000t\000i\000c\000\040\000f\000o\000r\000m\000s}{section.11}% 40
\BOOKMARK [2][-]{subsection.11.2}{\376\377\000C\000l\000i\000f\000f\000o\000r\000d\000\040\000a\000l\000g\000e\000b\000r\000a\000s}{section.11}% 41
\BOOKMARK [2][-]{subsection.11.3}{\376\377\000C\000l\000i\000f\000f\000o\000r\000d\000\040\000a\000l\000g\000e\000b\000r\000a\000s\000\040\000o\000f\000\040\000r\000e\000a\000l\000\040\000o\000r\000\040\000c\000o\000m\000p\000l\000e\000x\000\040\000b\000i\000l\000i\000n\000e\000a\000r\000\040\000f\000o\000r\000m\000s}{section.11}% 42
\BOOKMARK [1][-]{section.12}{\376\377\000M\000a\000t\000r\000i\000x\000\040\000f\000a\000c\000t\000o\000r\000i\000s\000a\000t\000i\000o\000n\000s}{}% 43
