This is pdfTeX, Version 3.141592653-2.6-1.40.22 (MiKTeX 21.3) (preloaded format=pdflatex 2021.5.21)  29 MAR 2022 18:02
entering extended mode
**./tcatlam.tex
(tcatlam.tex
LaTeX2e <2020-10-01> patch level 4
L3 programming layer <2021-05-11>
(/Library/Application Support/MiKTeX/texmfs/install/tex/latex/base/article.cls
Document Class: article 2020/04/10 v1.4m Standard LaTeX document class
(/Library/Application Support/MiKTeX/texmfs/install/tex/latex/base/leqno.clo
File: leqno.clo 2016/12/29 v1.2b Standard LaTeX option (left equation numbers)
)
(/Library/Application Support/MiKTeX/texmfs/install/tex/latex/base/size12.clo
File: size12.clo 2020/04/10 v1.4m Standard LaTeX file (size option)
)
\c@part=\count179
\c@section=\count180
\c@subsection=\count181
\c@subsubsection=\count182
\c@paragraph=\count183
\c@subparagraph=\count184
\c@figure=\count185
\c@table=\count186
\abovecaptionskip=\skip47
\belowcaptionskip=\skip48
\bibindent=\dimen138
)
(/Library/Application Support/MiKTeX/texmfs/install/tex/latex/latex-tools/array
.sty
Package: array 2020/10/01 v2.5c Tabular extension package (FMi)
\col@sep=\dimen139
\ar@mcellbox=\box47
\extrarowheight=\dimen140
\NC@list=\toks15
\extratabsurround=\skip49
\backup@length=\skip50
\ar@cellbox=\box48
)
(/Users/wtroiani/Library/Application Support/MiKTeX/texmfs/install/tex/latex/st
maryrd/stmaryrd.sty
Package: stmaryrd 1994/03/03 St Mary's Road symbol package
\symstmry=\mathgroup4
LaTeX Font Info:    Overwriting symbol font `stmry' in version `bold'
(Font)                  U/stmry/m/n --> U/stmry/b/n on input line 89.
)
(/Library/Application Support/MiKTeX/texmfs/install/tex/latex/amsmath/amsmath.s
ty
Package: amsmath 2020/09/23 v2.17i AMS math features
\@mathmargin=\skip51

For additional information on amsmath, use the `?' option.

(/Library/Application Support/MiKTeX/texmfs/install/tex/latex/amsmath/amstext.s
ty
Package: amstext 2000/06/29 v2.01 AMS text

(/Library/Application Support/MiKTeX/texmfs/install/tex/latex/amsmath/amsgen.st
y
File: amsgen.sty 1999/11/30 v2.0 generic functions
\@emptytoks=\toks16
\ex@=\dimen141
))
(/Library/Application Support/MiKTeX/texmfs/install/tex/latex/amsmath/amsbsy.st
y
Package: amsbsy 1999/11/29 v1.2d Bold Symbols
\pmbraise@=\dimen142
)
(/Library/Application Support/MiKTeX/texmfs/install/tex/latex/amsmath/amsopn.st
y
Package: amsopn 2016/03/08 v2.02 operator names
)
\inf@bad=\count187
LaTeX Info: Redefining \frac on input line 234.
\uproot@=\count188
\leftroot@=\count189
LaTeX Info: Redefining \overline on input line 399.
\classnum@=\count190
\DOTSCASE@=\count191
LaTeX Info: Redefining \ldots on input line 496.
LaTeX Info: Redefining \dots on input line 499.
LaTeX Info: Redefining \cdots on input line 620.
\Mathstrutbox@=\box49
\strutbox@=\box50
\big@size=\dimen143
LaTeX Font Info:    Redeclaring font encoding OML on input line 743.
LaTeX Font Info:    Redeclaring font encoding OMS on input line 744.
\macc@depth=\count192
\c@MaxMatrixCols=\count193
\dotsspace@=\muskip16
\c@parentequation=\count194
\dspbrk@lvl=\count195
\tag@help=\toks17
\row@=\count196
\column@=\count197
\maxfields@=\count198
\andhelp@=\toks18
\eqnshift@=\dimen144
\alignsep@=\dimen145
\tagshift@=\dimen146
\tagwidth@=\dimen147
\totwidth@=\dimen148
\lineht@=\dimen149
\@envbody=\toks19
\multlinegap=\skip52
\multlinetaggap=\skip53
\mathdisplay@stack=\toks20
LaTeX Info: Redefining \[ on input line 2923.
LaTeX Info: Redefining \] on input line 2924.
)
(/Library/Application Support/MiKTeX/texmfs/install/tex/latex/amsmath/amscd.sty
Package: amscd 2017/04/14 v2.1 AMS Commutative Diagrams
\athelp@=\toks21
\minaw@=\dimen150
\bigaw@=\dimen151
\minCDarrowwidth=\dimen152
)
(/Library/Application Support/MiKTeX/texmfs/install/tex/latex/amsfonts/amssymb.
sty
Package: amssymb 2013/01/14 v3.01 AMS font symbols

(/Library/Application Support/MiKTeX/texmfs/install/tex/latex/amsfonts/amsfonts
.sty
Package: amsfonts 2013/01/14 v3.01 Basic AMSFonts support
\symAMSa=\mathgroup5
\symAMSb=\mathgroup6
LaTeX Font Info:    Redeclaring math symbol \hbar on input line 98.
LaTeX Font Info:    Overwriting math alphabet `\mathfrak' in version `bold'
(Font)                  U/euf/m/n --> U/euf/b/n on input line 106.
)
LaTeX Font Info:    Redeclaring math symbol \boxdot on input line 44.
)
(/Users/wtroiani/Library/Application Support/MiKTeX/texmfs/install/tex/latex/jk
nappen/mathrsfs.sty
Package: mathrsfs 1996/01/01 Math RSFS package v1.0 (jk)
\symrsfs=\mathgroup7
)
(/Users/wtroiani/Library/Application Support/MiKTeX/texmfs/install/tex/latex/ac
cents/accents.sty
Package: accents 2006/05/12 v1.4 Math Accent Tools
\cc@skew=\dimen153
\cc@wd=\dimen154
\cc@code=\count199
\cc@group=\count266
\cc@skewchar=\count267
)
(/Users/wtroiani/Library/Application Support/MiKTeX/texmfs/install/tex/latex/am
scls/amsthm.sty
Package: amsthm 2020/05/29 v2.20.6
\thm@style=\toks22
\thm@bodyfont=\toks23
\thm@headfont=\toks24
\thm@notefont=\toks25
\thm@headpunct=\toks26
\thm@preskip=\skip54
\thm@postskip=\skip55
\thm@headsep=\skip56
\dth@everypar=\toks27
)
(/Users/wtroiani/Library/Application Support/MiKTeX/texmfs/install/tex/generic/
xypic/xy.sty
(/Users/wtroiani/Library/Application Support/MiKTeX/texmfs/install/tex/generic/
xypic/xy.tex Bootstrap'ing: catcodes, docmode,
(/Users/wtroiani/Library/Application Support/MiKTeX/texmfs/install/tex/generic/
xypic/xyrecat.tex)
(/Users/wtroiani/Library/Application Support/MiKTeX/texmfs/install/tex/generic/
xypic/xyidioms.tex)

 Xy-pic version 3.8.9 <2013/10/06>
 Copyright (c) 1991-2013 by Kristoffer H. Rose <krisrose@tug.org> and others
 Xy-pic is free software: see the User's Guide for details.

Loading kernel: messages; fonts; allocations: state,
\X@c=\dimen155
\Y@c=\dimen156
\U@c=\dimen157
\D@c=\dimen158
\L@c=\dimen159
\R@c=\dimen160
\Edge@c=\toks28
\X@p=\dimen161
\Y@p=\dimen162
\U@p=\dimen163
\D@p=\dimen164
\L@p=\dimen165
\R@p=\dimen166
\Edge@p=\toks29
\X@origin=\dimen167
\Y@origin=\dimen168
\X@xbase=\dimen169
\Y@xbase=\dimen170
\X@ybase=\dimen171
\Y@ybase=\dimen172
\X@min=\dimen173
\Y@min=\dimen174
\X@max=\dimen175
\Y@max=\dimen176
\lastobjectbox@=\box51
\zerodotbox@=\box52
\almostz@=\dimen177
 direction,
\d@X=\dimen178
\d@Y=\dimen179
\K@=\count268
\KK@=\count269
\Direction=\count270
\K@dXdY=\dimen180
\K@dYdX=\dimen181
\xyread@=\read2
\xywrite@=\write3
\csp@=\count271
\quotPTK@=\dimen182

utility macros; pictures: \xy, positions,
\swaptoks@@=\toks30
\connectobjectbox@@=\box53
 objects,
\styletoks@=\toks31
 decorations;
kernel objects: directionals, circles, text; options; algorithms: directions,
edges, connections;  Xy-pic loaded)
(/Library/Application Support/MiKTeX/texmfs/install/tex/generic/iftex/ifpdf.sty
Package: ifpdf 2019/10/25 v3.4 ifpdf legacy package. Use iftex instead.

(/Library/Application Support/MiKTeX/texmfs/install/tex/generic/iftex/iftex.sty
Package: iftex 2020/03/06 v1.0d TeX engine tests
))
Package: xy 2013/10/06 Xy-pic version 3.8.9

(/Users/wtroiani/Library/Application Support/MiKTeX/texmfs/install/tex/generic/
xypic/xyall.tex  Xy-pic option: All features v.3.8
(/Users/wtroiani/Library/Application Support/MiKTeX/texmfs/install/tex/generic/
xypic/xycurve.tex  Xy-pic option: Curve and Spline extension v.3.12 curve,
\crv@cnt@=\count272
\crvpts@=\toks32
\splinebox@=\box54
\splineval@=\dimen183
\splinedepth@=\dimen184
\splinetol@=\dimen185
\splinelength@=\dimen186

circles,
\L@=\dimen187
 loaded)
(/Users/wtroiani/Library/Application Support/MiKTeX/texmfs/install/tex/generic/
xypic/xyframe.tex  Xy-pic option: Frame and Bracket extension v.3.14 loaded)
(/Users/wtroiani/Library/Application Support/MiKTeX/texmfs/install/tex/generic/
xypic/xycmtip.tex  Xy-pic option: Computer Modern tip extension v.3.7
(/Users/wtroiani/Library/Application Support/MiKTeX/texmfs/install/tex/generic/
xypic/xytips.tex  Xy-pic option: More Tips extension v.3.11 loaded) loaded)
(/Users/wtroiani/Library/Application Support/MiKTeX/texmfs/install/tex/generic/
xypic/xyline.tex  Xy-pic option: Line styles extension v.3.10
\xylinethick@=\dimen188
 loaded)
(/Users/wtroiani/Library/Application Support/MiKTeX/texmfs/install/tex/generic/
xypic/xyrotate.tex  Xy-pic option: Rotate and Scale extension v.3.8 loaded)
(/Users/wtroiani/Library/Application Support/MiKTeX/texmfs/install/tex/generic/
xypic/xycolor.tex  Xy-pic option: Colour extension v.3.11 loaded)
(/Users/wtroiani/Library/Application Support/MiKTeX/texmfs/install/tex/generic/
xypic/xymatrix.tex  Xy-pic option: Matrix feature v.3.14
\Row=\count273
\Col=\count274
\queue@=\toks33
\queue@@=\toks34
\qcount@=\count275
\qcount@@=\count276
\matrixsize@=\count277
 loaded)
(/Users/wtroiani/Library/Application Support/MiKTeX/texmfs/install/tex/generic/
xypic/xyarrow.tex  Xy-pic option: Arrow and Path feature v.3.9 path, \ar,
loaded)
(/Users/wtroiani/Library/Application Support/MiKTeX/texmfs/install/tex/generic/
xypic/xygraph.tex  Xy-pic option: Graph feature v.3.11 loaded) loaded)
(/Users/wtroiani/Library/Application Support/MiKTeX/texmfs/install/tex/generic/
xypic/xypdf.tex  Xy-pic option: PDF driver v.1.7
Xy-pic pdf driver: `color' extension support
(/Users/wtroiani/Library/Application Support/MiKTeX/texmfs/install/tex/generic/
xypic/xypdf-co.tex loaded) Xy-pic pdf driver: `curve' extension support
(/Users/wtroiani/Library/Application Support/MiKTeX/texmfs/install/tex/generic/
xypic/xypdf-cu.tex loaded) Xy-pic pdf driver: `frame' extension support
(/Users/wtroiani/Library/Application Support/MiKTeX/texmfs/install/tex/generic/
xypic/xypdf-fr.tex loaded) Xy-pic pdf driver: `line' extension support
(/Users/wtroiani/Library/Application Support/MiKTeX/texmfs/install/tex/generic/
xypic/xypdf-li.tex loaded) Xy-pic pdf driver: `rotate' extension support
(/Users/wtroiani/Library/Application Support/MiKTeX/texmfs/install/tex/generic/
xypic/xypdf-ro.tex loaded) loaded))
(/Users/wtroiani/Library/Application Support/MiKTeX/texmfs/install/tex/generic/
xypic/xyrotate.tex  Xy-pic option: Rotate and Scale extension v.3.8
not reloaded)
(/Users/wtroiani/Library/Application Support/MiKTeX/texmfs/install/tex/latex/do
ublestroke/dsfont.sty
Package: dsfont 1995/08/01 v0.1 Double stroke roman fonts
)
(/Users/wtroiani/Library/Application Support/MiKTeX/texmfs/install/tex/latex/bu
ssproofs/bussproofs.sty
Proof Tree (bussproofs) style macros. Version 1.1.
\theLevel=\count278
\myMaxLevel=\count279
\myBoxA=\box55
\myBoxB=\box56
\myBoxC=\box57
\myBoxD=\box58
\myBoxLL=\box59
\myBoxRL=\box60
\thisAboveSkip=\dimen189
\thisBelowSkip=\dimen190
\newScoreStart=\dimen191
\newScoreEnd=\dimen192
\newCenter=\dimen193
\displace=\dimen194
\leftLowerAmt=\dimen195
\rightLowerAmt=\dimen196
\scoreHeight=\dimen197
\scoreDepth=\dimen198
\htLbox=\dimen199
\htRbox=\dimen256
\htRRbox=\dimen257
\htRRRbox=\dimen258
\htAbox=\dimen259
\htCbox=\dimen260
)
(/Library/Application Support/MiKTeX/texmfs/install/tex/latex/pgf/frontendlayer
/tikz.sty
(/Library/Application Support/MiKTeX/texmfs/install/tex/latex/pgf/basiclayer/pg
f.sty
(/Library/Application Support/MiKTeX/texmfs/install/tex/latex/pgf/utilities/pgf
rcs.sty
(/Library/Application Support/MiKTeX/texmfs/install/tex/generic/pgf/utilities/p
gfutil-common.tex
\pgfutil@everybye=\toks35
\pgfutil@tempdima=\dimen261
\pgfutil@tempdimb=\dimen262

(/Library/Application Support/MiKTeX/texmfs/install/tex/generic/pgf/utilities/p
gfutil-common-lists.tex))
(/Library/Application Support/MiKTeX/texmfs/install/tex/generic/pgf/utilities/p
gfutil-latex.def
\pgfutil@abb=\box61
)
(/Library/Application Support/MiKTeX/texmfs/install/tex/generic/pgf/utilities/p
gfrcs.code.tex
(/Library/Application Support/MiKTeX/texmfs/install/tex/generic/pgf/pgf.revisio
n.tex)
Package: pgfrcs 2021/05/15 v3.1.9a (3.1.9a)
))
Package: pgf 2021/05/15 v3.1.9a (3.1.9a)

(/Library/Application Support/MiKTeX/texmfs/install/tex/latex/pgf/basiclayer/pg
fcore.sty
(/Library/Application Support/MiKTeX/texmfs/install/tex/latex/graphics/graphicx
.sty
Package: graphicx 2020/09/09 v1.2b Enhanced LaTeX Graphics (DPC,SPQR)

(/Library/Application Support/MiKTeX/texmfs/install/tex/latex/graphics/keyval.s
ty
Package: keyval 2014/10/28 v1.15 key=value parser (DPC)
\KV@toks@=\toks36
)
(/Library/Application Support/MiKTeX/texmfs/install/tex/latex/graphics/graphics
.sty
Package: graphics 2020/08/30 v1.4c Standard LaTeX Graphics (DPC,SPQR)

(/Library/Application Support/MiKTeX/texmfs/install/tex/latex/graphics/trig.sty
Package: trig 2016/01/03 v1.10 sin cos tan (DPC)
)
(/Library/Application Support/MiKTeX/texmfs/install/tex/latex/graphics-cfg/grap
hics.cfg
File: graphics.cfg 2016/06/04 v1.11 sample graphics configuration
)
Package graphics Info: Driver file: pdftex.def on input line 105.

(/Library/Application Support/MiKTeX/texmfs/install/tex/latex/graphics-def/pdft
ex.def
File: pdftex.def 2020/10/05 v1.2a Graphics/color driver for pdftex
))
\Gin@req@height=\dimen263
\Gin@req@width=\dimen264
)
(/Library/Application Support/MiKTeX/texmfs/install/tex/latex/pgf/systemlayer/p
gfsys.sty
(/Library/Application Support/MiKTeX/texmfs/install/tex/generic/pgf/systemlayer
/pgfsys.code.tex
Package: pgfsys 2021/05/15 v3.1.9a (3.1.9a)

(/Library/Application Support/MiKTeX/texmfs/install/tex/generic/pgf/utilities/p
gfkeys.code.tex
\pgfkeys@pathtoks=\toks37
\pgfkeys@temptoks=\toks38

(/Library/Application Support/MiKTeX/texmfs/install/tex/generic/pgf/utilities/p
gfkeysfiltered.code.tex
\pgfkeys@tmptoks=\toks39
))
\pgf@x=\dimen265
\pgf@y=\dimen266
\pgf@xa=\dimen267
\pgf@ya=\dimen268
\pgf@xb=\dimen269
\pgf@yb=\dimen270
\pgf@xc=\dimen271
\pgf@yc=\dimen272
\pgf@xd=\dimen273
\pgf@yd=\dimen274
\w@pgf@writea=\write4
\r@pgf@reada=\read3
\c@pgf@counta=\count280
\c@pgf@countb=\count281
\c@pgf@countc=\count282
\c@pgf@countd=\count283
\t@pgf@toka=\toks40
\t@pgf@tokb=\toks41
\t@pgf@tokc=\toks42
\pgf@sys@id@count=\count284

(/Library/Application Support/MiKTeX/texmfs/install/tex/generic/pgf/systemlayer
/pgf.cfg
File: pgf.cfg 2021/05/15 v3.1.9a (3.1.9a)
)
Driver file for pgf: pgfsys-pdftex.def

(/Library/Application Support/MiKTeX/texmfs/install/tex/generic/pgf/systemlayer
/pgfsys-pdftex.def
File: pgfsys-pdftex.def 2021/05/15 v3.1.9a (3.1.9a)

(/Library/Application Support/MiKTeX/texmfs/install/tex/generic/pgf/systemlayer
/pgfsys-common-pdf.def
File: pgfsys-common-pdf.def 2021/05/15 v3.1.9a (3.1.9a)
)))
(/Library/Application Support/MiKTeX/texmfs/install/tex/generic/pgf/systemlayer
/pgfsyssoftpath.code.tex
File: pgfsyssoftpath.code.tex 2021/05/15 v3.1.9a (3.1.9a)
\pgfsyssoftpath@smallbuffer@items=\count285
\pgfsyssoftpath@bigbuffer@items=\count286
)
(/Library/Application Support/MiKTeX/texmfs/install/tex/generic/pgf/systemlayer
/pgfsysprotocol.code.tex
File: pgfsysprotocol.code.tex 2021/05/15 v3.1.9a (3.1.9a)
))
(/Library/Application Support/MiKTeX/texmfs/install/tex/latex/xcolor/xcolor.sty
Package: xcolor 2016/05/11 v2.12 LaTeX color extensions (UK)

(/Library/Application Support/MiKTeX/texmfs/install/tex/latex/graphics-cfg/colo
r.cfg
File: color.cfg 2016/01/02 v1.6 sample color configuration
)
Package xcolor Info: Driver file: pdftex.def on input line 225.
Package xcolor Info: Model `cmy' substituted by `cmy0' on input line 1348.
Package xcolor Info: Model `hsb' substituted by `rgb' on input line 1352.
Package xcolor Info: Model `RGB' extended on input line 1364.
Package xcolor Info: Model `HTML' substituted by `rgb' on input line 1366.
Package xcolor Info: Model `Hsb' substituted by `hsb' on input line 1367.
Package xcolor Info: Model `tHsb' substituted by `hsb' on input line 1368.
Package xcolor Info: Model `HSB' substituted by `hsb' on input line 1369.
Package xcolor Info: Model `Gray' substituted by `gray' on input line 1370.
Package xcolor Info: Model `wave' substituted by `hsb' on input line 1371.
)
(/Library/Application Support/MiKTeX/texmfs/install/tex/generic/pgf/basiclayer/
pgfcore.code.tex
Package: pgfcore 2021/05/15 v3.1.9a (3.1.9a)

(/Library/Application Support/MiKTeX/texmfs/install/tex/generic/pgf/math/pgfmat
h.code.tex
(/Library/Application Support/MiKTeX/texmfs/install/tex/generic/pgf/math/pgfmat
hcalc.code.tex
(/Library/Application Support/MiKTeX/texmfs/install/tex/generic/pgf/math/pgfmat
hutil.code.tex)
(/Library/Application Support/MiKTeX/texmfs/install/tex/generic/pgf/math/pgfmat
hparser.code.tex
\pgfmath@dimen=\dimen275
\pgfmath@count=\count287
\pgfmath@box=\box62
\pgfmath@toks=\toks43
\pgfmath@stack@operand=\toks44
\pgfmath@stack@operation=\toks45
)
(/Library/Application Support/MiKTeX/texmfs/install/tex/generic/pgf/math/pgfmat
hfunctions.code.tex
(/Library/Application Support/MiKTeX/texmfs/install/tex/generic/pgf/math/pgfmat
hfunctions.basic.code.tex)
(/Library/Application Support/MiKTeX/texmfs/install/tex/generic/pgf/math/pgfmat
hfunctions.trigonometric.code.tex)
(/Library/Application Support/MiKTeX/texmfs/install/tex/generic/pgf/math/pgfmat
hfunctions.random.code.tex)
(/Library/Application Support/MiKTeX/texmfs/install/tex/generic/pgf/math/pgfmat
hfunctions.comparison.code.tex)
(/Library/Application Support/MiKTeX/texmfs/install/tex/generic/pgf/math/pgfmat
hfunctions.base.code.tex)
(/Library/Application Support/MiKTeX/texmfs/install/tex/generic/pgf/math/pgfmat
hfunctions.round.code.tex)
(/Library/Application Support/MiKTeX/texmfs/install/tex/generic/pgf/math/pgfmat
hfunctions.misc.code.tex)
(/Library/Application Support/MiKTeX/texmfs/install/tex/generic/pgf/math/pgfmat
hfunctions.integerarithmetics.code.tex)))
(/Library/Application Support/MiKTeX/texmfs/install/tex/generic/pgf/math/pgfmat
hfloat.code.tex
\c@pgfmathroundto@lastzeros=\count288
))
(/Library/Application Support/MiKTeX/texmfs/install/tex/generic/pgf/math/pgfint
.code.tex)
(/Library/Application Support/MiKTeX/texmfs/install/tex/generic/pgf/basiclayer/
pgfcorepoints.code.tex
File: pgfcorepoints.code.tex 2021/05/15 v3.1.9a (3.1.9a)
\pgf@picminx=\dimen276
\pgf@picmaxx=\dimen277
\pgf@picminy=\dimen278
\pgf@picmaxy=\dimen279
\pgf@pathminx=\dimen280
\pgf@pathmaxx=\dimen281
\pgf@pathminy=\dimen282
\pgf@pathmaxy=\dimen283
\pgf@xx=\dimen284
\pgf@xy=\dimen285
\pgf@yx=\dimen286
\pgf@yy=\dimen287
\pgf@zx=\dimen288
\pgf@zy=\dimen289
)
(/Library/Application Support/MiKTeX/texmfs/install/tex/generic/pgf/basiclayer/
pgfcorepathconstruct.code.tex
File: pgfcorepathconstruct.code.tex 2021/05/15 v3.1.9a (3.1.9a)
\pgf@path@lastx=\dimen290
\pgf@path@lasty=\dimen291
)
(/Library/Application Support/MiKTeX/texmfs/install/tex/generic/pgf/basiclayer/
pgfcorepathusage.code.tex
File: pgfcorepathusage.code.tex 2021/05/15 v3.1.9a (3.1.9a)
\pgf@shorten@end@additional=\dimen292
\pgf@shorten@start@additional=\dimen293
)
(/Library/Application Support/MiKTeX/texmfs/install/tex/generic/pgf/basiclayer/
pgfcorescopes.code.tex
File: pgfcorescopes.code.tex 2021/05/15 v3.1.9a (3.1.9a)
\pgfpic=\box63
\pgf@hbox=\box64
\pgf@layerbox@main=\box65
\pgf@picture@serial@count=\count289
)
(/Library/Application Support/MiKTeX/texmfs/install/tex/generic/pgf/basiclayer/
pgfcoregraphicstate.code.tex
File: pgfcoregraphicstate.code.tex 2021/05/15 v3.1.9a (3.1.9a)
\pgflinewidth=\dimen294
)
(/Library/Application Support/MiKTeX/texmfs/install/tex/generic/pgf/basiclayer/
pgfcoretransformations.code.tex
File: pgfcoretransformations.code.tex 2021/05/15 v3.1.9a (3.1.9a)
\pgf@pt@x=\dimen295
\pgf@pt@y=\dimen296
\pgf@pt@temp=\dimen297
)
(/Library/Application Support/MiKTeX/texmfs/install/tex/generic/pgf/basiclayer/
pgfcorequick.code.tex
File: pgfcorequick.code.tex 2021/05/15 v3.1.9a (3.1.9a)
)
(/Library/Application Support/MiKTeX/texmfs/install/tex/generic/pgf/basiclayer/
pgfcoreobjects.code.tex
File: pgfcoreobjects.code.tex 2021/05/15 v3.1.9a (3.1.9a)
)
(/Library/Application Support/MiKTeX/texmfs/install/tex/generic/pgf/basiclayer/
pgfcorepathprocessing.code.tex
File: pgfcorepathprocessing.code.tex 2021/05/15 v3.1.9a (3.1.9a)
)
(/Library/Application Support/MiKTeX/texmfs/install/tex/generic/pgf/basiclayer/
pgfcorearrows.code.tex
File: pgfcorearrows.code.tex 2021/05/15 v3.1.9a (3.1.9a)
\pgfarrowsep=\dimen298
)
(/Library/Application Support/MiKTeX/texmfs/install/tex/generic/pgf/basiclayer/
pgfcoreshade.code.tex
File: pgfcoreshade.code.tex 2021/05/15 v3.1.9a (3.1.9a)
\pgf@max=\dimen299
\pgf@sys@shading@range@num=\count290
\pgf@shadingcount=\count291
)
(/Library/Application Support/MiKTeX/texmfs/install/tex/generic/pgf/basiclayer/
pgfcoreimage.code.tex
File: pgfcoreimage.code.tex 2021/05/15 v3.1.9a (3.1.9a)

(/Library/Application Support/MiKTeX/texmfs/install/tex/generic/pgf/basiclayer/
pgfcoreexternal.code.tex
File: pgfcoreexternal.code.tex 2021/05/15 v3.1.9a (3.1.9a)
\pgfexternal@startupbox=\box66
))
(/Library/Application Support/MiKTeX/texmfs/install/tex/generic/pgf/basiclayer/
pgfcorelayers.code.tex
File: pgfcorelayers.code.tex 2021/05/15 v3.1.9a (3.1.9a)
)
(/Library/Application Support/MiKTeX/texmfs/install/tex/generic/pgf/basiclayer/
pgfcoretransparency.code.tex
File: pgfcoretransparency.code.tex 2021/05/15 v3.1.9a (3.1.9a)
)
(/Library/Application Support/MiKTeX/texmfs/install/tex/generic/pgf/basiclayer/
pgfcorepatterns.code.tex
File: pgfcorepatterns.code.tex 2021/05/15 v3.1.9a (3.1.9a)
)
(/Library/Application Support/MiKTeX/texmfs/install/tex/generic/pgf/basiclayer/
pgfcorerdf.code.tex
File: pgfcorerdf.code.tex 2021/05/15 v3.1.9a (3.1.9a)
)))
(/Library/Application Support/MiKTeX/texmfs/install/tex/generic/pgf/modules/pgf
moduleshapes.code.tex
File: pgfmoduleshapes.code.tex 2021/05/15 v3.1.9a (3.1.9a)
\pgfnodeparttextbox=\box67
)
(/Library/Application Support/MiKTeX/texmfs/install/tex/generic/pgf/modules/pgf
moduleplot.code.tex
File: pgfmoduleplot.code.tex 2021/05/15 v3.1.9a (3.1.9a)
)
(/Library/Application Support/MiKTeX/texmfs/install/tex/latex/pgf/compatibility
/pgfcomp-version-0-65.sty
Package: pgfcomp-version-0-65 2021/05/15 v3.1.9a (3.1.9a)
\pgf@nodesepstart=\dimen300
\pgf@nodesepend=\dimen301
)
(/Library/Application Support/MiKTeX/texmfs/install/tex/latex/pgf/compatibility
/pgfcomp-version-1-18.sty
Package: pgfcomp-version-1-18 2021/05/15 v3.1.9a (3.1.9a)
))
(/Library/Application Support/MiKTeX/texmfs/install/tex/latex/pgf/utilities/pgf
for.sty
(/Library/Application Support/MiKTeX/texmfs/install/tex/latex/pgf/utilities/pgf
keys.sty
(/Library/Application Support/MiKTeX/texmfs/install/tex/generic/pgf/utilities/p
gfkeys.code.tex))
(/Library/Application Support/MiKTeX/texmfs/install/tex/latex/pgf/math/pgfmath.
sty
(/Library/Application Support/MiKTeX/texmfs/install/tex/generic/pgf/math/pgfmat
h.code.tex))
(/Library/Application Support/MiKTeX/texmfs/install/tex/generic/pgf/utilities/p
gffor.code.tex
Package: pgffor 2021/05/15 v3.1.9a (3.1.9a)

(/Library/Application Support/MiKTeX/texmfs/install/tex/generic/pgf/math/pgfmat
h.code.tex)
\pgffor@iter=\dimen302
\pgffor@skip=\dimen303
\pgffor@stack=\toks46
\pgffor@toks=\toks47
))
(/Library/Application Support/MiKTeX/texmfs/install/tex/generic/pgf/frontendlay
er/tikz/tikz.code.tex
Package: tikz 2021/05/15 v3.1.9a (3.1.9a)

(/Library/Application Support/MiKTeX/texmfs/install/tex/generic/pgf/libraries/p
gflibraryplothandlers.code.tex
File: pgflibraryplothandlers.code.tex 2021/05/15 v3.1.9a (3.1.9a)
\pgf@plot@mark@count=\count292
\pgfplotmarksize=\dimen304
)
\tikz@lastx=\dimen305
\tikz@lasty=\dimen306
\tikz@lastxsaved=\dimen307
\tikz@lastysaved=\dimen308
\tikz@lastmovetox=\dimen309
\tikz@lastmovetoy=\dimen310
\tikzleveldistance=\dimen311
\tikzsiblingdistance=\dimen312
\tikz@figbox=\box68
\tikz@figbox@bg=\box69
\tikz@tempbox=\box70
\tikz@tempbox@bg=\box71
\tikztreelevel=\count293
\tikznumberofchildren=\count294
\tikznumberofcurrentchild=\count295
\tikz@fig@count=\count296

(/Library/Application Support/MiKTeX/texmfs/install/tex/generic/pgf/modules/pgf
modulematrix.code.tex
File: pgfmodulematrix.code.tex 2021/05/15 v3.1.9a (3.1.9a)
\pgfmatrixcurrentrow=\count297
\pgfmatrixcurrentcolumn=\count298
\pgf@matrix@numberofcolumns=\count299
)
\tikz@expandcount=\count300

(/Library/Application Support/MiKTeX/texmfs/install/tex/generic/pgf/frontendlay
er/tikz/libraries/tikzlibrarytopaths.code.tex
File: tikzlibrarytopaths.code.tex 2021/05/15 v3.1.9a (3.1.9a)
)))
(/Users/wtroiani/Library/Application Support/MiKTeX/texmfs/install/tex/latex/ep
igraph/epigraph.sty
Package: epigraph 2020/01/02 v1.5e typesetting epigraphs

(/Users/wtroiani/Library/Application Support/MiKTeX/texmfs/install/tex/latex/lt
xmisc/nextpage.sty
Package: nextpage 2009/09/03 v1.1a additional page commands
)
\beforeepigraphskip=\skip57
\afterepigraphskip=\skip58
\epigraphwidth=\skip59
\epigraphrule=\skip60
)
(/Users/wtroiani/Library/Application Support/MiKTeX/texmfs/install/tex/latex/ti
kz-cd/tikz-cd.sty
Package: tikz-cd 2021/05/04 v1.0 Commutative diagrams with TikZ

(/Users/wtroiani/Library/Application Support/MiKTeX/texmfs/install/tex/latex/ti
kz-cd/tikzlibrarycd.code.tex
(/Library/Application Support/MiKTeX/texmfs/install/tex/generic/pgf/frontendlay
er/tikz/libraries/tikzlibrarymatrix.code.tex
File: tikzlibrarymatrix.code.tex 2021/05/15 v3.1.9a (3.1.9a)
)
(/Library/Application Support/MiKTeX/texmfs/install/tex/generic/pgf/frontendlay
er/tikz/libraries/tikzlibraryquotes.code.tex
File: tikzlibraryquotes.code.tex 2021/05/15 v3.1.9a (3.1.9a)
)
(/Library/Application Support/MiKTeX/texmfs/install/tex/generic/pgf/libraries/p
gflibraryarrows.meta.code.tex
File: pgflibraryarrows.meta.code.tex 2021/05/15 v3.1.9a (3.1.9a)
\pgfarrowinset=\dimen313
\pgfarrowlength=\dimen314
\pgfarrowwidth=\dimen315
\pgfarrowlinewidth=\dimen316
)))
(/Users/wtroiani/Library/Application Support/MiKTeX/texmfs/install/tex/latex/bb
m/bbm.sty
Package: bbm 1999/03/15 V 1.2 provides fonts for set symbols - TH
LaTeX Font Info:    Overwriting math alphabet `\mathbbm' in version `bold'
(Font)                  U/bbm/m/n --> U/bbm/bx/n on input line 33.
LaTeX Font Info:    Overwriting math alphabet `\mathbbmss' in version `bold'
(Font)                  U/bbmss/m/n --> U/bbmss/bx/n on input line 35.
)
(/Users/wtroiani/Library/Application Support/MiKTeX/texmfs/install/tex/latex/cs
quotes/csquotes.sty
Package: csquotes 2021-02-22 v5.2l context-sensitive quotations (JAW)

(/Library/Application Support/MiKTeX/texmfs/install/tex/latex/etoolbox/etoolbox
.sty
Package: etoolbox 2020/10/05 v2.5k e-TeX tools for LaTeX (JAW)
\etb@tempcnta=\count301
)
\csq@reset=\count302
\csq@gtype=\count303
\csq@glevel=\count304
\csq@qlevel=\count305
\csq@maxlvl=\count306
\csq@tshold=\count307
\csq@ltx@everypar=\toks48

(/Users/wtroiani/Library/Application Support/MiKTeX/texmfs/install/tex/latex/cs
quotes/csquotes.def
File: csquotes.def 2021-02-22 v5.2l csquotes generic definitions (JAW)
)
Package csquotes Info: Trying to load configuration file 'csquotes.cfg'...
Package csquotes Info: ... configuration file loaded successfully.

(/Users/wtroiani/Library/Application Support/MiKTeX/texmfs/install/tex/latex/cs
quotes/csquotes.cfg
File: csquotes.cfg 
))
(/Library/Application Support/MiKTeX/texmfs/install/tex/latex/hyperref/hyperref
.sty
Package: hyperref 2021-02-27 v7.00k Hypertext links for LaTeX

(/Users/wtroiani/Library/Application Support/MiKTeX/texmfs/install/tex/generic/
ltxcmds/ltxcmds.sty
Package: ltxcmds 2020-05-10 v1.25 LaTeX kernel commands for general use (HO)
)
(/Library/Application Support/MiKTeX/texmfs/install/tex/generic/pdftexcmds/pdft
excmds.sty
Package: pdftexcmds 2020-06-27 v0.33 Utility functions of pdfTeX for LuaTeX (HO
)

(/Users/wtroiani/Library/Application Support/MiKTeX/texmfs/install/tex/generic/
infwarerr/infwarerr.sty
Package: infwarerr 2019/12/03 v1.5 Providing info/warning/error messages (HO)
)
Package pdftexcmds Info: \pdf@primitive is available.
Package pdftexcmds Info: \pdf@ifprimitive is available.
Package pdftexcmds Info: \pdfdraftmode found.
)
(/Users/wtroiani/Library/Application Support/MiKTeX/texmfs/install/tex/generic/
kvsetkeys/kvsetkeys.sty
Package: kvsetkeys 2019/12/15 v1.18 Key value parser (HO)
)
(/Users/wtroiani/Library/Application Support/MiKTeX/texmfs/install/tex/generic/
kvdefinekeys/kvdefinekeys.sty
Package: kvdefinekeys 2019-12-19 v1.6 Define keys (HO)
)
(/Users/wtroiani/Library/Application Support/MiKTeX/texmfs/install/tex/generic/
pdfescape/pdfescape.sty
Package: pdfescape 2019/12/09 v1.15 Implements pdfTeX's escape features (HO)
)
(/Users/wtroiani/Library/Application Support/MiKTeX/texmfs/install/tex/latex/hy
color/hycolor.sty
Package: hycolor 2020-01-27 v1.10 Color options for hyperref/bookmark (HO)
)
(/Users/wtroiani/Library/Application Support/MiKTeX/texmfs/install/tex/latex/le
tltxmacro/letltxmacro.sty
Package: letltxmacro 2019/12/03 v1.6 Let assignment for LaTeX macros (HO)
)
(/Users/wtroiani/Library/Application Support/MiKTeX/texmfs/install/tex/latex/au
xhook/auxhook.sty
Package: auxhook 2019-12-17 v1.6 Hooks for auxiliary files (HO)
)
(/Users/wtroiani/Library/Application Support/MiKTeX/texmfs/install/tex/latex/kv
options/kvoptions.sty
Package: kvoptions 2020-10-07 v3.14 Key value format for package options (HO)
)
\@linkdim=\dimen317
\Hy@linkcounter=\count308
\Hy@pagecounter=\count309

(/Library/Application Support/MiKTeX/texmfs/install/tex/latex/hyperref/pd1enc.d
ef
File: pd1enc.def 2021-02-27 v7.00k Hyperref: PDFDocEncoding definition (HO)
Now handling font encoding PD1 ...
... no UTF-8 mapping file for font encoding PD1
)
(/Library/Application Support/MiKTeX/texmfs/install/tex/latex/hyperref/hyperref
-langpatches.def
File: hyperref-langpatches.def 2021-02-27 v7.00k Hyperref: patches for babel la
nguages
)
(/Users/wtroiani/Library/Application Support/MiKTeX/texmfs/install/tex/generic/
intcalc/intcalc.sty
Package: intcalc 2019/12/15 v1.3 Expandable calculations with integers (HO)
)
(/Users/wtroiani/Library/Application Support/MiKTeX/texmfs/install/tex/generic/
etexcmds/etexcmds.sty
Package: etexcmds 2019/12/15 v1.7 Avoid name clashes with e-TeX commands (HO)
)
\Hy@SavedSpaceFactor=\count310

(/Library/Application Support/MiKTeX/texmfs/install/tex/latex/hyperref/puenc.de
f
File: puenc.def 2021-02-27 v7.00k Hyperref: PDF Unicode definition (HO)
Now handling font encoding PU ...
... no UTF-8 mapping file for font encoding PU
)

Package hyperref Warning: Option `a4paper' is no longer used.

Package hyperref Info: Option `colorlinks' set `true' on input line 4073.

Package hyperref Warning: Values of option `pdfpagemode':
(hyperref)                * `UseNone'
(hyperref)                * `UseOutlines'
(hyperref)                * `UseThumbs'
(hyperref)                * `FullScreen'
(hyperref)                * `UseOC' (PDF 1.5)
(hyperref)                * `UseAttachments' (PDF 1.6)
(hyperref)                * An empty value disables the option.
(hyperref)                Unknown value `None' on input line 4073.

Package hyperref Info: Hyper figures OFF on input line 4192.
Package hyperref Info: Link nesting OFF on input line 4197.
Package hyperref Info: Hyper index ON on input line 4200.
Package hyperref Info: Plain pages OFF on input line 4207.
Package hyperref Info: Backreferencing OFF on input line 4212.
Package hyperref Info: Implicit mode ON; LaTeX internals redefined.
Package hyperref Info: Bookmarks ON on input line 4445.
\c@Hy@tempcnt=\count311
(/Library/Application Support/MiKTeX/texmfs/install/tex/latex/url/url.sty
\Urlmuskip=\muskip17
Package: url 2013/09/16  ver 3.4  Verb mode for urls, etc.
)
LaTeX Info: Redefining \url on input line 4804.
\XeTeXLinkMargin=\dimen318

(/Users/wtroiani/Library/Application Support/MiKTeX/texmfs/install/tex/generic/
bitset/bitset.sty
Package: bitset 2019/12/09 v1.3 Handle bit-vector datatype (HO)

(/Users/wtroiani/Library/Application Support/MiKTeX/texmfs/install/tex/generic/
bigintcalc/bigintcalc.sty
Package: bigintcalc 2019/12/15 v1.5 Expandable calculations on big integers (HO
)
))
\Fld@menulength=\count312
\Field@Width=\dimen319
\Fld@charsize=\dimen320
Package hyperref Info: Hyper figures OFF on input line 6075.
Package hyperref Info: Link nesting OFF on input line 6080.
Package hyperref Info: Hyper index ON on input line 6083.
Package hyperref Info: backreferencing OFF on input line 6090.
Package hyperref Info: Link coloring ON on input line 6093.
Package hyperref Info: Link coloring with OCG OFF on input line 6100.
Package hyperref Info: PDF/A mode OFF on input line 6105.
LaTeX Info: Redefining \ref on input line 6145.
LaTeX Info: Redefining \pageref on input line 6149.

(/Library/Application Support/MiKTeX/texmfs/install/tex/latex/base/atbegshi-ltx
.sty
Package: atbegshi-ltx 2020/08/17 v1.0a Emulation of the original atbegshi packa
ge
with kernel methods
)
\Hy@abspage=\count313
\c@Item=\count314
\c@Hfootnote=\count315
)
Package hyperref Info: Driver (autodetected): hpdftex.

(/Library/Application Support/MiKTeX/texmfs/install/tex/latex/hyperref/hpdftex.
def
File: hpdftex.def 2021-02-27 v7.00k Hyperref driver for pdfTeX

(/Library/Application Support/MiKTeX/texmfs/install/tex/latex/base/atveryend-lt
x.sty
Package: atveryend-ltx 2020/08/19 v1.0a Emulation of the original atvery packag
e
with kernel methods
)
\Fld@listcount=\count316
\c@bookmark@seq@number=\count317

(/Users/wtroiani/Library/Application Support/MiKTeX/texmfs/install/tex/latex/re
runfilecheck/rerunfilecheck.sty
Package: rerunfilecheck 2019/12/05 v1.9 Rerun checks for auxiliary files (HO)

(/Users/wtroiani/Library/Application Support/MiKTeX/texmfs/install/tex/generic/
uniquecounter/uniquecounter.sty
Package: uniquecounter 2019/12/15 v1.4 Provide unlimited unique counter (HO)
)
Package uniquecounter Info: New unique counter `rerunfilecheck' on input line 2
86.
)
\Hy@SectionHShift=\skip61
)
(/Users/wtroiani/Library/Application Support/MiKTeX/texmfs/install/tex/latex/sh
owlabels/showlabels.sty
Package: showlabels 2015/12/08 v1.7

Package: `showlabels' v1.7 <2015/12/08>
with amsmath equation tags
\SL@labelposition=\count318
)
\c@theorem=\count319
Package csquotes Info: Checking for multilingual support...
Package csquotes Info: ... none found.

(/Library/Application Support/MiKTeX/texmfs/install/tex/latex/l3backend/l3backe
nd-pdftex.def
File: l3backend-pdftex.def 2021-05-07 L3 backend support: PDF output (pdfTeX)
\l__color_backend_stack_int=\count320
\l__pdf_internal_box=\box72
) (tcatlam.aux)
\openout1 = `tcatlam.aux'.

LaTeX Font Info:    Checking defaults for OML/cmm/m/it on input line 85.
LaTeX Font Info:    ... okay on input line 85.
LaTeX Font Info:    Checking defaults for OMS/cmsy/m/n on input line 85.
LaTeX Font Info:    ... okay on input line 85.
LaTeX Font Info:    Checking defaults for OT1/cmr/m/n on input line 85.
LaTeX Font Info:    ... okay on input line 85.
LaTeX Font Info:    Checking defaults for T1/cmr/m/n on input line 85.
LaTeX Font Info:    ... okay on input line 85.
LaTeX Font Info:    Checking defaults for TS1/cmr/m/n on input line 85.
LaTeX Font Info:    ... okay on input line 85.
LaTeX Font Info:    Checking defaults for OMX/cmex/m/n on input line 85.
LaTeX Font Info:    ... okay on input line 85.
LaTeX Font Info:    Checking defaults for U/cmr/m/n on input line 85.
LaTeX Font Info:    ... okay on input line 85.
LaTeX Font Info:    Checking defaults for PD1/pdf/m/n on input line 85.
LaTeX Font Info:    ... okay on input line 85.
LaTeX Font Info:    Checking defaults for PU/pdf/m/n on input line 85.
LaTeX Font Info:    ... okay on input line 85.
LaTeX Font Info:    Trying to load font information for U+stmry on input line 8
5.

(/Users/wtroiani/Library/Application Support/MiKTeX/texmfs/install/tex/latex/st
maryrd/Ustmry.fd)
LaTeX Font Info:    Trying to load font information for U+msa on input line 85.


(/Library/Application Support/MiKTeX/texmfs/install/tex/latex/amsfonts/umsa.fd
File: umsa.fd 2013/01/14 v3.01 AMS symbols A
)
LaTeX Font Info:    Trying to load font information for U+msb on input line 85.

(/Library/Application Support/MiKTeX/texmfs/install/tex/latex/amsfonts/umsb.fd
File: umsb.fd 2013/01/14 v3.01 AMS symbols B
)
LaTeX Font Info:    Trying to load font information for U+rsfs on input line 85
.

(/Users/wtroiani/Library/Application Support/MiKTeX/texmfs/install/tex/latex/jk
nappen/ursfs.fd
File: ursfs.fd 1998/03/24 rsfs font definition file (jk)
)
Package xypdf Info: Line width: 0.47998pt on input line 85.

(/Library/Application Support/MiKTeX/texmfs/install/tex/context/base/mkii/supp-
pdf.mkii
[Loading MPS to PDF converter (version 2006.09.02).]
\scratchcounter=\count321
\scratchdimen=\dimen321
\scratchbox=\box73
\nofMPsegments=\count322
\nofMParguments=\count323
\everyMPshowfont=\toks49
\MPscratchCnt=\count324
\MPscratchDim=\dimen322
\MPnumerator=\count325
\makeMPintoPDFobject=\count326
\everyMPtoPDFconversion=\toks50
)
(/Library/Application Support/MiKTeX/texmfs/install/tex/latex/epstopdf-pkg/epst
opdf-base.sty
Package: epstopdf-base 2020-01-24 v2.11 Base part for package epstopdf

(/Users/wtroiani/Library/Application Support/MiKTeX/texmfs/install/tex/latex/gr
fext/grfext.sty
Package: grfext 2019/12/03 v1.3 Manage graphics extensions (HO)
)
Package epstopdf-base Info: Redefining graphics rule for `.eps' on input line 4
85.
Package grfext Info: Graphics extension search list:
(grfext)             [.pdf,.png,.jpg,.mps,.jpeg,.jbig2,.jb2,.PDF,.PNG,.JPG,.JPE
G,.JBIG2,.JB2,.eps]
(grfext)             \AppendGraphicsExtensions on input line 504.

(/Library/Application Support/MiKTeX/texmfs/install/tex/latex/00miktex/epstopdf
-sys.cfg
File: epstopdf-sys.cfg 2021/03/18 v2.0 Configuration of epstopdf for MiKTeX
))
Package hyperref Info: Link coloring ON on input line 85.

(/Library/Application Support/MiKTeX/texmfs/install/tex/latex/hyperref/nameref.
sty
Package: nameref 2021-04-02 v2.47 Cross-referencing by name of section

(/Users/wtroiani/Library/Application Support/MiKTeX/texmfs/install/tex/latex/re
fcount/refcount.sty
Package: refcount 2019/12/15 v3.6 Data extraction from label references (HO)
)
(/Users/wtroiani/Library/Application Support/MiKTeX/texmfs/install/tex/generic/
gettitlestring/gettitlestring.sty
Package: gettitlestring 2019/12/15 v1.6 Cleanup title references (HO)
)
\c@section@level=\count327
)
LaTeX Info: Redefining \ref on input line 85.
LaTeX Info: Redefining \pageref on input line 85.
LaTeX Info: Redefining \nameref on input line 85.
 (tcatlam.out) (tcatlam.out)
\@outlinefile=\write5
\openout5 = `tcatlam.out'.


Overfull \hbox (27.45703pt too wide) in paragraph at lines 124--125
[]\OT1/cmr/m/n/10.95 The Curry-Howard correspondence is often described as rela
ting proofs (in intutionistic
 []

(tcatlam.toc)
\tf@toc=\write6
\openout6 = `tcatlam.toc'.

 [1

{/Users/wtroiani/Library/Application Support/MiKTeX/texmfs/data/pdftex/config/p
dftex.map}]
Overfull \hbox (26.05212pt too wide) in paragraph at lines 135--136
\OT1/cmr/m/n/12 Sequent calculus and lambda calculus were both invented in the 
context of logical investigations,
 []

<xymatrix 2x1 54>
Overfull \hbox (9.27591pt too wide) in paragraph at lines 143--145
\OT1/cmr/m/n/12 interesting precisely because sequent calculus proofs and lambd
a terms are not tautologically
 []


Underfull \hbox (badness 10000) in paragraph at lines 143--145

 []

<xymatrix 3x2 162> [2]
Underfull \hbox (badness 10000) in paragraph at lines 166--168

 []

[3]
Underfull \hbox (badness 10000) in paragraph at lines 171--173

 []

[4]

LaTeX Warning: Reference `remark:liberal_LJ' on page 5 undefined on input line 
195.

\myBox1=\box74
\myScoreStart1=\dimen323
\myCenter1=\dimen324
\myScoreEnd1=\dimen325
\myBox2=\box75
\myScoreStart2=\dimen326
\myCenter2=\dimen327
\myScoreEnd2=\dimen328
[5]
\myBox3=\box76
\myScoreStart3=\dimen329
\myCenter3=\dimen330
\myScoreEnd3=\dimen331
 [6]
Overfull \hbox (9.92616pt too wide) in paragraph at lines 442--443
 []|[][]$\OT1/cmr/m/n/12 (2\OML/cmm/m/it/12 :\OT1/cmr/m/n/12 1)$[]| 
 []

[7]
Overfull \hbox (5.40117pt too wide) in paragraph at lines 522--523
[][]\OT1/cmr/bx/n/12 Definition 2.10 ($\OML/cmm/m/it/12 $\OT1/cmr/bx/n/12 -equ
ivalence). []\OT1/cmr/m/n/12 We define $\OMS/cmsy/m/n/12 []$ \OT1/cmr/m/n/12 t
o be the smallest compatible equivalence
 []


Overfull \hbox (1.06633pt too wide) in paragraph at lines 535--536
 []|$\OMS/cmsy/m/n/12 []$| 
 []


Overfull \hbox (9.92616pt too wide) in paragraph at lines 547--548
 []|[][]$\OT1/cmr/m/n/12 (2\OML/cmm/m/it/12 :\OT1/cmr/m/n/12 2)$[]| 
 []


Overfull \hbox (1.06633pt too wide) in paragraph at lines 562--563
 []|$\OMS/cmsy/m/n/12 []$| 
 []


Overfull \hbox (9.92616pt too wide) in paragraph at lines 573--574
 []|[][]$\OT1/cmr/m/n/12 (2\OML/cmm/m/it/12 :\OT1/cmr/m/n/12 3)$[]| 
 []


Overfull \hbox (1.06633pt too wide) in paragraph at lines 588--589
 []|$\OMS/cmsy/m/n/12 []$| 
 []


Overfull \hbox (9.92616pt too wide) in paragraph at lines 599--600
 []|[][]$\OT1/cmr/m/n/12 (2\OML/cmm/m/it/12 :\OT1/cmr/m/n/12 4)$[]| 
 []

[8]
Overfull \hbox (1.06633pt too wide) in paragraph at lines 616--617
 []|$\OMS/cmsy/m/n/12 []$| 
 []


Overfull \hbox (9.92616pt too wide) in paragraph at lines 628--629
 []|[][]$\OT1/cmr/m/n/12 (2\OML/cmm/m/it/12 :\OT1/cmr/m/n/12 5)$[]| 
 []


Overfull \hbox (3.14774pt too wide) in paragraph at lines 888--889
[][]\OT1/cmr/bx/n/12 Definition 2.12 (Commuting conversions). []\OT1/cmr/m/n/12
 We define $\OMS/cmsy/m/n/12 []$ \OT1/cmr/m/n/12 to be the smallest compatible

 []


Overfull \hbox (9.92616pt too wide) in paragraph at lines 909--910
 []|[][]$\OT1/cmr/m/n/12 (2\OML/cmm/m/it/12 :\OT1/cmr/m/n/12 6)$[]| 
 []


Overfull \hbox (25.181pt too wide) in paragraph at lines 890--911
 [] 
 []


Overfull \hbox (9.92616pt too wide) in paragraph at lines 934--935
 []|[][]$\OT1/cmr/m/n/12 (2\OML/cmm/m/it/12 :\OT1/cmr/m/n/12 7)$[]| 
 []


Overfull \hbox (25.181pt too wide) in paragraph at lines 914--936
 [] 
 []


Overfull \hbox (9.92616pt too wide) in paragraph at lines 959--960
 []|[][]$\OT1/cmr/m/n/12 (2\OML/cmm/m/it/12 :\OT1/cmr/m/n/12 8)$[]| 
 []


Overfull \hbox (25.181pt too wide) in paragraph at lines 939--961
 [] 
 []

[9]
Overfull \hbox (9.92616pt too wide) in paragraph at lines 981--982
 []|[][]$\OT1/cmr/m/n/12 (2\OML/cmm/m/it/12 :\OT1/cmr/m/n/12 9)$[]| 
 []


Overfull \hbox (25.181pt too wide) in paragraph at lines 964--983
 [] 
 []


Overfull \hbox (15.8011pt too wide) in paragraph at lines 1014--1015
 []|[][]$\OT1/cmr/m/n/12 (2\OML/cmm/m/it/12 :\OT1/cmr/m/n/12 10)$[]| 
 []


Overfull \hbox (25.181pt too wide) in paragraph at lines 986--1016
 [] 
 []


Overfull \hbox (15.8011pt too wide) in paragraph at lines 1036--1037
 []|[][]$\OT1/cmr/m/n/12 (2\OML/cmm/m/it/12 :\OT1/cmr/m/n/12 11)$[]| 
 []


Overfull \hbox (25.181pt too wide) in paragraph at lines 1019--1038
 [] 
 []


Overfull \hbox (15.8011pt too wide) in paragraph at lines 1081--1082
 []|[][]$\OT1/cmr/m/n/12 (2\OML/cmm/m/it/12 :\OT1/cmr/m/n/12 12)$[]| 
 []


Overfull \hbox (25.181pt too wide) in paragraph at lines 1064--1083
 [] 
 []


Overfull \hbox (15.8011pt too wide) in paragraph at lines 1105--1106
 []|[][]$\OT1/cmr/m/n/12 (2\OML/cmm/m/it/12 :\OT1/cmr/m/n/12 13)$[]| 
 []


Overfull \hbox (25.181pt too wide) in paragraph at lines 1086--1107
 [] 
 []


Overfull \hbox (15.8011pt too wide) in paragraph at lines 1132--1133
 []|[][]$\OT1/cmr/m/n/12 (2\OML/cmm/m/it/12 :\OT1/cmr/m/n/12 14)$[]| 
 []


Overfull \hbox (25.181pt too wide) in paragraph at lines 1110--1134
 [] 
 []


Overfull \hbox (15.8011pt too wide) in paragraph at lines 1161--1162
 []|[][]$\OT1/cmr/m/n/12 (2\OML/cmm/m/it/12 :\OT1/cmr/m/n/12 15)$[]| 
 []


Overfull \hbox (25.181pt too wide) in paragraph at lines 1137--1163
 [] 
 []


Overfull \hbox (15.8011pt too wide) in paragraph at lines 1198--1199
 []|[][]$\OT1/cmr/m/n/12 (2\OML/cmm/m/it/12 :\OT1/cmr/m/n/12 16)$[]| 
 []

[10]
Overfull \hbox (15.8011pt too wide) in paragraph at lines 1223--1224
 []|[][]$\OT1/cmr/m/n/12 (2\OML/cmm/m/it/12 :\OT1/cmr/m/n/12 17)$[]| 
 []


Overfull \hbox (15.8011pt too wide) in paragraph at lines 1257--1258
 []|[][]$\OT1/cmr/m/n/12 (2\OML/cmm/m/it/12 :\OT1/cmr/m/n/12 18)$[]| 
 []


Overfull \hbox (15.8011pt too wide) in paragraph at lines 1279--1280
 []|[][]$\OT1/cmr/m/n/12 (2\OML/cmm/m/it/12 :\OT1/cmr/m/n/12 19)$[]| 
 []

[11]
Overfull \hbox (15.8011pt too wide) in paragraph at lines 1301--1302
 []|[][]$\OT1/cmr/m/n/12 (2\OML/cmm/m/it/12 :\OT1/cmr/m/n/12 20)$[]| 
 []


Overfull \hbox (15.8011pt too wide) in paragraph at lines 1336--1337
 []|[][]$\OT1/cmr/m/n/12 (2\OML/cmm/m/it/12 :\OT1/cmr/m/n/12 21)$[]| 
 []


Overfull \hbox (15.8011pt too wide) in paragraph at lines 1366--1367
 []|[][]$\OT1/cmr/m/n/12 (2\OML/cmm/m/it/12 :\OT1/cmr/m/n/12 22)$[]| 
 []


Overfull \hbox (1.7908pt too wide) in paragraph at lines 1371--1372
\OT1/cmr/m/n/12 principle is expressed by []. Similarly [] expresses that contr
action is coassociative.
 []

[12]
Overfull \hbox (10.88724pt too wide) in paragraph at lines 1374--1375
[][]\OT1/cmr/bx/n/12 Definition 2.13 ($\OML/cmm/m/it/12 co$\OT1/cmr/bx/n/12 -eq
uivalence). []\OT1/cmr/m/n/12 We define $\OMS/cmsy/m/n/12 []$ \OT1/cmr/m/n/12 
to be the smallest compatible equivalence
 []


Overfull \hbox (3.39693pt too wide) in paragraph at lines 1384--1385
 []|$\OMS/cmsy/m/n/12 []$| 
 []


Overfull \hbox (15.8011pt too wide) in paragraph at lines 1399--1400
 []|[][]$\OT1/cmr/m/n/12 (2\OML/cmm/m/it/12 :\OT1/cmr/m/n/12 23)$[]| 
 []


Overfull \hbox (3.39693pt too wide) in paragraph at lines 1413--1414
 []|$\OMS/cmsy/m/n/12 []$| 
 []


Overfull \hbox (15.8011pt too wide) in paragraph at lines 1426--1427
 []|[][]$\OT1/cmr/m/n/12 (2\OML/cmm/m/it/12 :\OT1/cmr/m/n/12 24)$[]| 
 []


Overfull \hbox (3.39693pt too wide) in paragraph at lines 1433--1433
 []|$\OMS/cmsy/m/n/12 []$| 
 []


Overfull \hbox (15.8011pt too wide) in paragraph at lines 1443--1444
 []|[][]$\OT1/cmr/m/n/12 (2\OML/cmm/m/it/12 :\OT1/cmr/m/n/12 25)$[]| 
 []


Overfull \hbox (7.49617pt too wide) in paragraph at lines 1465--1465
 []|$[]$| 
 []

[13]
Overfull \hbox (7.49617pt too wide) in paragraph at lines 1497--1497
 []|$[]$| 
 []


Overfull \hbox (4.2044pt too wide) in paragraph at lines 1512--1513
[][]\OT1/cmr/bx/n/12 Definition 2.16 ($\OML/cmm/m/it/12 $\OT1/cmr/bx/n/12 -equ
ivalence). []\OT1/cmr/m/n/12 We define $\OMS/cmsy/m/n/12 []$ \OT1/cmr/m/n/12 t
o be the smallest compatible equivalence
 []


Overfull \hbox (15.8011pt too wide) in paragraph at lines 1567--1568
 []|[][]$\OT1/cmr/m/n/12 (2\OML/cmm/m/it/12 :\OT1/cmr/m/n/12 26)$[]| 
 []


Overfull \hbox (0.5654pt too wide) in paragraph at lines 1587--1587
 []|$\OMS/cmsy/m/n/12 []$| 
 []


Overfull \hbox (15.8011pt too wide) in paragraph at lines 1600--1601
 []|[][]$\OT1/cmr/m/n/12 (2\OML/cmm/m/it/12 :\OT1/cmr/m/n/12 27)$[]| 
 []

[14]
Overfull \hbox (3.172pt too wide) in paragraph at lines 1615--1639
[][]\OT1/cmr/bx/n/12 Definition 2.18 ($\OML/cmm/m/it/12 $\OT1/cmr/bx/n/12 -equ
ivalence). []\OT1/cmr/m/n/12 We define $\OMS/cmsy/m/n/12 []$ \OT1/cmr/m/n/12 t
o be the smallest compatible equivalence
 []


Overfull \hbox (15.8011pt too wide) in paragraph at lines 1660--1661
 []|[][]$\OT1/cmr/m/n/12 (2\OML/cmm/m/it/12 :\OT1/cmr/m/n/12 28)$[]| 
 []


Overfull \hbox (2.07512pt too wide) in paragraph at lines 1665--1666
[]\OT1/cmr/m/n/12 The logical justification of the cut-elimination transformati
ons is the \OT1/cmr/m/it/12 inversion principle
 []


Overfull \hbox (10.07939pt too wide) in paragraph at lines 1687--1687
 []|$\OMS/cmsy/m/n/12 ![]$| 
 []


Overfull \hbox (15.8011pt too wide) in paragraph at lines 1694--1695
 []|[][]$\OT1/cmr/m/n/12 (2\OML/cmm/m/it/12 :\OT1/cmr/m/n/12 29)$[]| 
 []


Overfull \hbox (10.07939pt too wide) in paragraph at lines 1711--1711
 []|$\OMS/cmsy/m/n/12 ![]$| 
 []


Overfull \hbox (15.8011pt too wide) in paragraph at lines 1718--1719
 []|[][]$\OT1/cmr/m/n/12 (2\OML/cmm/m/it/12 :\OT1/cmr/m/n/12 30)$[]| 
 []

[15]
Overfull \hbox (10.07939pt too wide) in paragraph at lines 1738--1738
 []|$\OMS/cmsy/m/n/12 ![]$| 
 []


Overfull \hbox (15.8011pt too wide) in paragraph at lines 1753--1754
 []|[][]$\OT1/cmr/m/n/12 (2\OML/cmm/m/it/12 :\OT1/cmr/m/n/12 31)$[]| 
 []


Overfull \hbox (6.18564pt too wide) in paragraph at lines 1723--1755
 [] 
 []


Overfull \hbox (1.57472pt too wide) in paragraph at lines 1801--1802
 []|[][]$\OT1/cmr/m/n/12 (2\OML/cmm/m/it/12 :\OT1/cmr/m/n/12 32)$[]| 
 []


Overfull \hbox (10.07939pt too wide) in paragraph at lines 1823--1823
 []|$\OMS/cmsy/m/n/12 ![]$| 
 []


Overfull \hbox (15.8011pt too wide) in paragraph at lines 1839--1840
 []|[][]$\OT1/cmr/m/n/12 (2\OML/cmm/m/it/12 :\OT1/cmr/m/n/12 33)$[]| 
 []


Overfull \hbox (20.41202pt too wide) in paragraph at lines 1807--1841
 [] 
 []


Overfull \hbox (1.57472pt too wide) in paragraph at lines 1886--1887
 []|[][]$\OT1/cmr/m/n/12 (2\OML/cmm/m/it/12 :\OT1/cmr/m/n/12 34)$[]| 
 []

[16]
Overfull \hbox (6.3595pt too wide) in paragraph at lines 1905--1906
 []|[]| 
 []


Overfull \hbox (10.07939pt too wide) in paragraph at lines 1906--1906
 []|$\OMS/cmsy/m/n/12 ![]$| 
 []


Overfull \hbox (15.8011pt too wide) in paragraph at lines 1917--1918
 []|[][]$\OT1/cmr/m/n/12 (2\OML/cmm/m/it/12 :\OT1/cmr/m/n/12 35)$[]| 
 []


Overfull \hbox (1.57472pt too wide) in paragraph at lines 1999--2000
 []|[][]$\OT1/cmr/m/n/12 (2\OML/cmm/m/it/12 :\OT1/cmr/m/n/12 36)$[]| 
 []


Overfull \hbox (1.57472pt too wide) in paragraph at lines 2053--2054
 []|[][]$\OT1/cmr/m/n/12 (2\OML/cmm/m/it/12 :\OT1/cmr/m/n/12 37)$[]| 
 []

[17]
Overfull \hbox (1.57472pt too wide) in paragraph at lines 2104--2105
 []|[][]$\OT1/cmr/m/n/12 (2\OML/cmm/m/it/12 :\OT1/cmr/m/n/12 38)$[]| 
 []


Overfull \hbox (1.57472pt too wide) in paragraph at lines 2155--2156
 []|[][]$\OT1/cmr/m/n/12 (2\OML/cmm/m/it/12 :\OT1/cmr/m/n/12 39)$[]| 
 []

[18]

LaTeX Warning: Reference `tauequivalence' on page 19 undefined on input line 21
72.

[19] [20] [21]

LaTeX Warning: Reference `tau_cut' on page 22 undefined on input line 2371.


Overfull \hbox (1.14288pt too wide) in paragraph at lines 2371--2372
[]$\OT1/cmr/m/n/12 (\OML/cmm/m/it/12 r[]\OT1/cmr/m/n/12 )$ is logical and $(\OM
L/cmm/m/it/12 r[]\OT1/cmr/m/n/12 )$ is one of $([])\OML/cmm/m/it/12 ; \OT1/cmr/
m/n/12 ([])$ follow from the inner inductive hypothesis
 []


Overfull \hbox (15.8011pt too wide) in paragraph at lines 2421--2422
 []|[][]$\OT1/cmr/m/n/12 (2\OML/cmm/m/it/12 :\OT1/cmr/m/n/12 40)$[]| 
 []

[22]
\myBox4=\box77
\myScoreStart4=\dimen332
\myCenter4=\dimen333
\myScoreEnd4=\dimen334
\myBox5=\box78
\myScoreStart5=\dimen335
\myCenter5=\dimen336
\myScoreEnd5=\dimen337
 [23]
Overfull \hbox (6.68658pt too wide) in paragraph at lines 2473--2474
[][]\OT1/cmr/m/n/12 2.19[][] (note that all of these cut-elimination transforma
tions are used). So the cut-elimination
 []

<xymatrix 3x4 218> [24] <xymatrix 3x4 266>

LaTeX Warning: Reference `tau_ctr_ex' on page 25 undefined on input line 2527.


LaTeX Warning: Reference `comm_ex_ctr' on page 25 undefined on input line 2527.


<xymatrix 3x3 162> <xymatrix 3x3 210>

LaTeX Warning: Reference `tau_ctr_ex' on page 25 undefined on input line 2547.

[25]
Overfull \hbox (3.38515pt too wide) in paragraph at lines 2560--2561
[][]\OT1/cmr/bx/n/12 Remark 2.32. []\OT1/cmr/m/n/12 In a cut-free preproof in c
ontraction normal form, all the active contractions
 []


Overfull \hbox (15.8011pt too wide) in paragraph at lines 2593--2594
 []|[][]$\OT1/cmr/m/n/12 (2\OML/cmm/m/it/12 :\OT1/cmr/m/n/12 41)$[]| 
 []

[26]
Overfull \hbox (15.8011pt too wide) in paragraph at lines 2611--2612
 []|[][]$\OT1/cmr/m/n/12 (2\OML/cmm/m/it/12 :\OT1/cmr/m/n/12 42)$[]| 
 []


Overfull \hbox (2.09839pt too wide) in paragraph at lines 2616--2617
[]\OT1/cmr/m/n/12 By Theorem [][]2.24[][] we may assume $\OML/cmm/m/it/12 $ \O
T1/cmr/m/n/12 is cut-free. Consider walking the tree underlying
 []


Overfull \hbox (15.8011pt too wide) in paragraph at lines 2628--2629
 []|[][]$\OT1/cmr/m/n/12 (2\OML/cmm/m/it/12 :\OT1/cmr/m/n/12 43)$[]| 
 []


LaTeX Warning: Reference `tau_ex_ex' on page 27 undefined on input line 2674.


LaTeX Font Warning: Font shape `U/stmry/b/n' undefined
(Font)              using `U/stmry/m/n' instead on input line 2678.


Overfull \hbox (15.8011pt too wide) in paragraph at lines 2719--2720
 []|[][]$\OT1/cmr/m/n/12 (2\OML/cmm/m/it/12 :\OT1/cmr/m/n/12 44)$[]| 
 []

[27]
Overfull \hbox (15.8011pt too wide) in paragraph at lines 2740--2741
 []|[][]$\OT1/cmr/m/n/12 (2\OML/cmm/m/it/12 :\OT1/cmr/m/n/12 45)$[]| 
 []


Overfull \hbox (15.8011pt too wide) in paragraph at lines 2756--2757
 []|[][]$\OT1/cmr/m/n/12 (2\OML/cmm/m/it/12 :\OT1/cmr/m/n/12 46)$[]| 
 []


Package amsfonts Warning: Obsolete command \bold; \mathbf should be used instea
d on input line 2786.

[28] [29]
Overfull \hbox (2.98285pt too wide) in paragraph at lines 2891--2892
\OT1/cmr/m/n/12 typed lambda calculus are realised as natural categorical algeb
ra in $\OMS/cmsy/m/n/12 L$\OT1/cmr/m/n/12 . Function application
 []


Overfull \hbox (16.32584pt too wide) in paragraph at lines 2891--2892
\OT1/cmr/m/n/12 is composition, and lambda abstraction is given by a universal 
property involving factorisation
 []

<xymatrix 3x2 144> [30] [31]
Overfull \hbox (9.92616pt too wide) in paragraph at lines 2988--2989
 []|[][]$\OT1/cmr/m/n/12 (4\OML/cmm/m/it/12 :\OT1/cmr/m/n/12 2)$[]| 
 []


Overfull \hbox (9.92616pt too wide) in paragraph at lines 3000--3001
 []|[][]$\OT1/cmr/m/n/12 (4\OML/cmm/m/it/12 :\OT1/cmr/m/n/12 3)$[]| 
 []


Overfull \hbox (9.92616pt too wide) in paragraph at lines 3011--3012
 []|[][]$\OT1/cmr/m/n/12 (4\OML/cmm/m/it/12 :\OT1/cmr/m/n/12 4)$[]| 
 []


Overfull \hbox (9.92616pt too wide) in paragraph at lines 3022--3023
 []|[][]$\OT1/cmr/m/n/12 (4\OML/cmm/m/it/12 :\OT1/cmr/m/n/12 5)$[]| 
 []


Overfull \hbox (9.92616pt too wide) in paragraph at lines 3033--3034
 []|[][]$\OT1/cmr/m/n/12 (4\OML/cmm/m/it/12 :\OT1/cmr/m/n/12 6)$[]| 
 []


Overfull \hbox (9.92616pt too wide) in paragraph at lines 3044--3045
 []|[][]$\OT1/cmr/m/n/12 (4\OML/cmm/m/it/12 :\OT1/cmr/m/n/12 7)$[]| 
 []


Overfull \hbox (9.92616pt too wide) in paragraph at lines 3056--3057
 []|[][]$\OT1/cmr/m/n/12 (4\OML/cmm/m/it/12 :\OT1/cmr/m/n/12 8)$[]| 
 []


Overfull \hbox (3.75452pt too wide) in paragraph at lines 3062--3063
[][]\OT1/cmr/bx/n/12 Remark 4.5. []\OT1/cmr/m/n/12 The function from sequent ca
lculus proofs to derivations in natural deduction
 []

[32]
Overfull \hbox (9.92616pt too wide) in paragraph at lines 3103--3104
 []|[][]$\OT1/cmr/m/n/12 (4\OML/cmm/m/it/12 :\OT1/cmr/m/n/12 9)$[]| 
 []

<xymatrix 2x2 174> [33]
Overfull \hbox (15.8011pt too wide) in paragraph at lines 3165--3166
 []|[][]$\OT1/cmr/m/n/12 (4\OML/cmm/m/it/12 :\OT1/cmr/m/n/12 11)$[]| 
 []


Overfull \hbox (1.01917pt too wide) in paragraph at lines 3214--3215
\OT1/cmr/m/n/12 variable annotations chosen to be introduced by one of the $(\O
ML/cmm/m/it/12 L \OMS/cmsy/m/n/12 \OT1/cmr/m/n/12 )$ rules (shown highlighted)
: 
 []

[34]
Overfull \hbox (15.8011pt too wide) in paragraph at lines 3259--3260
 []|[][]$\OT1/cmr/m/n/12 (4\OML/cmm/m/it/12 :\OT1/cmr/m/n/12 12)$[]| 
 []


Overfull \hbox (0.86278pt too wide) in paragraph at lines 3271--3272
[][]\OT1/cmr/bx/n/12 Theorem 4.15 \OT1/cmr/m/n/12 (Gentzen-Mints-Zucker duality
)\OT1/cmr/bx/n/12 . []\OT1/cmr/m/it/12 If $\OT1/cmr/m/n/12  $ \OT1/cmr/m/it/12 
is repetition-free then the translation
 []

<xymatrix 2x1 54> [35]
Overfull \hbox (15.8011pt too wide) in paragraph at lines 3316--3317
 []|[][]$\OT1/cmr/m/n/12 (4\OML/cmm/m/it/12 :\OT1/cmr/m/n/12 14)$[]| 
 []


Overfull \hbox (15.8011pt too wide) in paragraph at lines 3381--3382
 []|[][]$\OT1/cmr/m/n/12 (4\OML/cmm/m/it/12 :\OT1/cmr/m/n/12 15)$[]| 
 []

[36]
Overfull \hbox (15.8011pt too wide) in paragraph at lines 3404--3405
 []|[][]$\OT1/cmr/m/n/12 (4\OML/cmm/m/it/12 :\OT1/cmr/m/n/12 16)$[]| 
 []


Overfull \hbox (15.8011pt too wide) in paragraph at lines 3437--3438
 []|[][]$\OT1/cmr/m/n/12 (4\OML/cmm/m/it/12 :\OT1/cmr/m/n/12 17)$[]| 
 []


LaTeX Warning: Reference `tau_ex_ex' on page 37 undefined on input line 3445.


LaTeX Warning: Reference `tau_weak_ex' on page 37 undefined on input line 3445.


[37]
Overfull \hbox (15.8011pt too wide) in paragraph at lines 3460--3461
 []|[][]$\OT1/cmr/m/n/12 (4\OML/cmm/m/it/12 :\OT1/cmr/m/n/12 18)$[]| 
 []


Overfull \hbox (15.8011pt too wide) in paragraph at lines 3487--3488
 []|[][]$\OT1/cmr/m/n/12 (4\OML/cmm/m/it/12 :\OT1/cmr/m/n/12 19)$[]| 
 []


Overfull \hbox (15.8011pt too wide) in paragraph at lines 3504--3505
 []|[][]$\OT1/cmr/m/n/12 (4\OML/cmm/m/it/12 :\OT1/cmr/m/n/12 20)$[]| 
 []

[38]
Overfull \hbox (7.50926pt too wide) in paragraph at lines 3516--3517
[]\OT1/cmr/m/n/12 It is more difficult to give a normal form for preproofs whos
e translation is an application.
 []


Overfull \hbox (15.8011pt too wide) in paragraph at lines 3582--3583
 []|[][]$\OT1/cmr/m/n/12 (4\OML/cmm/m/it/12 :\OT1/cmr/m/n/12 21)$[]| 
 []

[39]
Overfull \hbox (15.8011pt too wide) in paragraph at lines 3623--3624
 []|[][]$\OT1/cmr/m/n/12 (4\OML/cmm/m/it/12 :\OT1/cmr/m/n/12 23)$[]| 
 []


Overfull \hbox (15.8011pt too wide) in paragraph at lines 3638--3639
 []|[][]$\OT1/cmr/m/n/12 (4\OML/cmm/m/it/12 :\OT1/cmr/m/n/12 24)$[]| 
 []


Overfull \hbox (15.8011pt too wide) in paragraph at lines 3665--3666
 []|[][]$\OT1/cmr/m/n/12 (4\OML/cmm/m/it/12 :\OT1/cmr/m/n/12 25)$[]| 
 []

[40]

LaTeX Warning: Reference `tau_L_ex2' on page 41 undefined on input line 3688.

[41] [42]
Overfull \hbox (15.8011pt too wide) in paragraph at lines 3824--3825
 []|[][]$\OT1/cmr/m/n/12 (4\OML/cmm/m/it/12 :\OT1/cmr/m/n/12 29)$[]| 
 []

[43]
Overfull \hbox (15.8011pt too wide) in paragraph at lines 3854--3855
 []|[][]$\OT1/cmr/m/n/12 (4\OML/cmm/m/it/12 :\OT1/cmr/m/n/12 30)$[]| 
 []

[44]
Overfull \hbox (15.8011pt too wide) in paragraph at lines 3910--3911
 []|[][]$\OT1/cmr/m/n/12 (4\OML/cmm/m/it/12 :\OT1/cmr/m/n/12 31)$[]| 
 []

[45]
Overfull \hbox (15.8011pt too wide) in paragraph at lines 3932--3933
 []|[][]$\OT1/cmr/m/n/12 (4\OML/cmm/m/it/12 :\OT1/cmr/m/n/12 32)$[]| 
 []


Overfull \hbox (9.40927pt too wide) in paragraph at lines 3962--3963
\OT1/cmr/m/n/12 Applying the above reasoning to all $\OML/cmm/m/it/12 $\OT1/cm
r/m/n/12 -patterns in $\OML/cmm/m/it/12 $ \OT1/cmr/m/n/12 from greatest to low
est height (measuring
 []


Overfull \hbox (4.04694pt too wide) in paragraph at lines 3965--3966
[]\OT1/cmr/m/n/12 Let $ $ be repetition-free and let $[][]$ denote the set of 
preproofs
 []

<xymatrix 2x1 54> <xymatrix 3x2 338> [46]
Overfull \hbox (3.16135pt too wide) in paragraph at lines 3989--3991
\OT1/cmr/m/n/12 where $\U/msb/m/n/12 N\OT1/cmr/m/n/12 []$ denotes the set of $
\OML/cmm/m/it/12 $\OT1/cmr/m/n/12 -normal forms. The proof is by induction of
 the proposition
 []

<xymatrix 2x1 54> [47]
Overfull \hbox (15.8011pt too wide) in paragraph at lines 4051--4052
 []|[][]$\OT1/cmr/m/n/12 (4\OML/cmm/m/it/12 :\OT1/cmr/m/n/12 38)$[]| 
 []

[48]
Overfull \hbox (15.8011pt too wide) in paragraph at lines 4082--4083
 []|[][]$\OT1/cmr/m/n/12 (4\OML/cmm/m/it/12 :\OT1/cmr/m/n/12 39)$[]| 
 []

[49] [50]
Overfull \hbox (11.96986pt too wide) in paragraph at lines 4183--4184
\OT1/cmr/m/n/12 series of ladders and weakenings at the bottom are empty. We ma
y now prove a strengthening
 []

[51]
Overfull \hbox (6.18192pt too wide) in paragraph at lines 4188--4189
\OT1/cmr/m/n/12 weakenings at the bottom of $\OML/cmm/m/it/12 []; []$ \OT1/cm
r/m/n/12 agree and writing $\OML/cmm/m/it/12  [];  []$ \OT1/cmr/m/n/12 for the 
well-structured subproofs
 []


LaTeX Warning: Reference `tau_ex_ex' on page 52 undefined on input line 4210.

[52] <xymatrix 2x2 194> [53]
Overfull \hbox (15.8011pt too wide) in paragraph at lines 4292--4293
 []|[][]$\OT1/cmr/m/n/12 (4\OML/cmm/m/it/12 :\OT1/cmr/m/n/12 43)$[]| 
 []

[54] <xymatrix 4x1 160>
Overfull \hbox (15.8011pt too wide) in paragraph at lines 4363--4364
 []|[][]$\OT1/cmr/m/n/12 (4\OML/cmm/m/it/12 :\OT1/cmr/m/n/12 47)$[]| 
 []

[55]
LaTeX Font Info:    Trying to load font information for U+euf on input line 439
1.

(/Library/Application Support/MiKTeX/texmfs/install/tex/latex/amsfonts/ueuf.fd
File: ueuf.fd 2013/01/14 v3.01 Euler Fraktur
)
Overfull \hbox (2.26155pt too wide) in paragraph at lines 4391--4392
\U/euf/m/n/12 r$\OT1/cmr/m/n/12 , which, joined to any construction proving $\U
/euf/m/n/12 p$ \OT1/cmr/m/n/12 (supposing the latter be effected),
 []


Overfull \hbox (15.8011pt too wide) in paragraph at lines 4402--4403
 []|[][]$\OT1/cmr/m/n/12 (4\OML/cmm/m/it/12 :\OT1/cmr/m/n/12 48)$[]| 
 []


Underfull \hbox (badness 10000) in paragraph at lines 4405--4407

 []

[56]
Overfull \hbox (0.5654pt too wide) in paragraph at lines 4420--4421
 []|$\OMS/cmsy/m/n/12 []$| 
 []


Overfull \hbox (2.30453pt too wide) in paragraph at lines 4432--4433
 []|[]| 
 []


Overfull \hbox (15.8011pt too wide) in paragraph at lines 4434--4435
 []|[][]$\OT1/cmr/m/n/12 (4\OML/cmm/m/it/12 :\OT1/cmr/m/n/12 49)$[]| 
 []


Overfull \hbox (0.5654pt too wide) in paragraph at lines 4446--4446
 []|$\OMS/cmsy/m/n/12 []$| 
 []


Overfull \hbox (15.8011pt too wide) in paragraph at lines 4452--4453
 []|[][]$\OT1/cmr/m/n/12 (4\OML/cmm/m/it/12 :\OT1/cmr/m/n/12 50)$[]| 
 []


Overfull \hbox (15.8011pt too wide) in paragraph at lines 4475--4476
 []|[][]$\OT1/cmr/m/n/12 (4\OML/cmm/m/it/12 :\OT1/cmr/m/n/12 51)$[]| 
 []

[57]
Underfull \hbox (badness 10000) in paragraph at lines 4496--4498

 []

[58]
Overfull \hbox (15.8011pt too wide) in paragraph at lines 4518--4519
 []|[][]$\OT1/cmr/m/n/12 (4\OML/cmm/m/it/12 :\OT1/cmr/m/n/12 52)$[]| 
 []


Overfull \hbox (15.8011pt too wide) in paragraph at lines 4545--4546
 []|[][]$\OT1/cmr/m/n/12 (4\OML/cmm/m/it/12 :\OT1/cmr/m/n/12 53)$[]| 
 []

[59]
Underfull \hbox (badness 10000) in paragraph at lines 4555--4557

 []

[60]
Underfull \hbox (badness 3128) in paragraph at lines 4616--4617
[]\OT1/cmr/m/n/12 M. Atiyah, \OT1/cmr/m/sl/12 Duality in mathematics and physic
s\OT1/cmr/m/n/12 , in: lecutre notes
 []


Underfull \hbox (badness 1584) in paragraph at lines 4616--4617
\OT1/cmr/m/n/12 from Institut de Matematica de la Universitat de Barcelona (IMU
B),
 []

[61]
Underfull \hbox (badness 2393) in paragraph at lines 4631--4632
[]\OT1/cmr/m/n/12 K. Dosen, \OT1/cmr/m/sl/12 Abstraction and application in ad
junction\OT1/cmr/m/n/12 , arXiv preprint
 []


Underfull \hbox (badness 2285) in paragraph at lines 4655--4656
[]\OT1/cmr/m/n/12 A. Heyting, \OT1/cmr/m/sl/12 Intuitionism, an introduction\OT
1/cmr/m/n/12 , Studies in Logic and the
 []

[62]
Underfull \hbox (badness 1418) in paragraph at lines 4666--4667
[]\OT1/cmr/m/n/12 J. Lambek, \OT1/cmr/m/sl/12 Functional completeness of cartes
ian categories\OT1/cmr/m/n/12 , Annals of
 []


Underfull \hbox (badness 10000) in paragraph at lines 4693--4694
[]\OT1/cmr/m/n/12 D. Prawitz, \OT1/cmr/m/sl/12 Philosophical aspects of proof t
heory\OT1/cmr/m/n/12 , Contemporary
 []

[63] [64] (tcatlam.aux)

LaTeX Font Warning: Some font shapes were not available, defaults substituted.


LaTeX Warning: There were undefined references.

Package rerunfilecheck Info: File `tcatlam.out' has not changed.
(rerunfilecheck)             Checksum: 43785383F93D2B8157B460B51D3ED73B;1913.
 ) 
Here is how much of TeX's memory you used:
 25350 strings out of 481099
 457316 string characters out of 2904467
 811021 words of memory out of 3000000
 41885 multiletter control sequences out of 15000+600000
 425729 words of font info for 119 fonts, out of 8000000 for 9000
 0 hyphenation exceptions out of 8191
 100i,21n,104p,3237b,689s stack positions out of 5000i,500n,10000p,200000b,80000s
 </Users/wtroiani/Library/Application Support/MiKTeX/texmfs/data/fonts/pk/ljf
our/jknappen/ec/dpi600/tcrm1200.pk></Library/Application Support/MiKTeX/texmfs/
install/fonts/type1/public/amsfonts/cm/cmbx10.pfb></Library/Application Support
/MiKTeX/texmfs/install/fonts/type1/public/amsfonts/cm/cmbx12.pfb></Library/Appl
ication Support/MiKTeX/texmfs/install/fonts/type1/public/amsfonts/cm/cmbx8.pfb>
</Library/Application Support/MiKTeX/texmfs/install/fonts/type1/public/amsfonts
/cm/cmex10.pfb></Library/Application Support/MiKTeX/texmfs/install/fonts/type1/
public/amsfonts/cm/cmmi10.pfb></Library/Application Support/MiKTeX/texmfs/insta
ll/fonts/type1/public/amsfonts/cm/cmmi12.pfb></Library/Application Support/MiKT
eX/texmfs/install/fonts/type1/public/amsfonts/cm/cmmi6.pfb></Library/Applicatio
n Support/MiKTeX/texmfs/install/fonts/type1/public/amsfonts/cm/cmmi7.pfb></Libr
ary/Application Support/MiKTeX/texmfs/install/fonts/type1/public/amsfonts/cm/cm
mi8.pfb></Library/Application Support/MiKTeX/texmfs/install/fonts/type1/public/
amsfonts/cm/cmr10.pfb></Library/Application Support/MiKTeX/texmfs/install/fonts
/type1/public/amsfonts/cm/cmr12.pfb></Library/Application Support/MiKTeX/texmfs
/install/fonts/type1/public/amsfonts/cm/cmr17.pfb></Library/Application Support
/MiKTeX/texmfs/install/fonts/type1/public/amsfonts/cm/cmr6.pfb></Library/Applic
ation Support/MiKTeX/texmfs/install/fonts/type1/public/amsfonts/cm/cmr7.pfb></L
ibrary/Application Support/MiKTeX/texmfs/install/fonts/type1/public/amsfonts/cm
/cmr8.pfb></Library/Application Support/MiKTeX/texmfs/install/fonts/type1/publi
c/amsfonts/cm/cmsl10.pfb></Library/Application Support/MiKTeX/texmfs/install/fo
nts/type1/public/amsfonts/cm/cmsl12.pfb></Library/Application Support/MiKTeX/te
xmfs/install/fonts/type1/public/amsfonts/cm/cmsy10.pfb></Library/Application Su
pport/MiKTeX/texmfs/install/fonts/type1/public/amsfonts/cm/cmsy6.pfb></Library/
Application Support/MiKTeX/texmfs/install/fonts/type1/public/amsfonts/cm/cmsy7.
pfb></Library/Application Support/MiKTeX/texmfs/install/fonts/type1/public/amsf
onts/cm/cmsy8.pfb></Library/Application Support/MiKTeX/texmfs/install/fonts/typ
e1/public/amsfonts/cm/cmti10.pfb></Library/Application Support/MiKTeX/texmfs/in
stall/fonts/type1/public/amsfonts/cm/cmti12.pfb></Library/Application Support/M
iKTeX/texmfs/install/fonts/type1/public/amsfonts/cm/cmtt12.pfb></Library/Applic
ation Support/MiKTeX/texmfs/install/fonts/type1/public/amsfonts/euler/eufm10.pf
b></Library/Application Support/MiKTeX/texmfs/install/fonts/type1/public/amsfon
ts/symbols/msam10.pfb></Library/Application Support/MiKTeX/texmfs/install/fonts
/type1/public/amsfonts/symbols/msbm10.pfb></Library/Application Support/MiKTeX/
texmfs/install/fonts/type1/public/rsfs/rsfs10.pfb></Users/wtroiani/Library/Appl
ication Support/MiKTeX/texmfs/install/fonts/type1/public/xypic/xyatip10.pfb></U
sers/wtroiani/Library/Application Support/MiKTeX/texmfs/install/fonts/type1/pub
lic/xypic/xybtip10.pfb></Users/wtroiani/Library/Application Support/MiKTeX/texm
fs/install/fonts/type1/public/xypic/xycmat12.pfb></Users/wtroiani/Library/Appli
cation Support/MiKTeX/texmfs/install/fonts/type1/public/xypic/xycmbt12.pfb>
Output written on tcatlam.pdf (64 pages, 691842 bytes).
PDF statistics:
 1224 PDF objects out of 1440 (max. 8388607)
 325 named destinations out of 1000 (max. 500000)
 109 words of extra memory for PDF output out of 10000 (max. 10000000)

